The system is: Linux - 6.1.24 - x86_64
Compiling the C compiler identification source file "CMakeCCompilerId.c" succeeded.
Compiler: /run/current-system/sw/bin/gcc 
Build flags: 
Id flags:  

The output was:
0


Compilation of the C compiler identification source "CMakeCCompilerId.c" produced "a.out"

The C compiler identification is GNU, found in "/home/tei/Downloads/newAdtTest/cmake-build-debug/CMakeFiles/3.25.3/CompilerIdC/a.out"

Compiling the CXX compiler identification source file "CMakeCXXCompilerId.cpp" succeeded.
Compiler: /run/current-system/sw/bin/g++ 
Build flags: 
Id flags:  

The output was:
0


Compilation of the CXX compiler identification source "CMakeCXXCompilerId.cpp" produced "a.out"

The CXX compiler identification is GNU, found in "/home/tei/Downloads/newAdtTest/cmake-build-debug/CMakeFiles/3.25.3/CompilerIdCXX/a.out"

Detecting C compiler ABI info compiled with the following output:
Change Dir: /home/tei/Downloads/newAdtTest/cmake-build-debug/CMakeFiles/CMakeScratch/TryCompile-Z9f1MN

Run Build Command(s):/nix/store/v9gz813mfd3f5q65gz2wb8w1cayxrfdz-clion-2023.1/clion/bin/ninja/linux/x64/ninja cmTC_57d24 && [1/2] Building C object CMakeFiles/cmTC_57d24.dir/CMakeCCompilerABI.c.o
Using built-in specs.
COLLECT_GCC=/nix/store/aafdki1nf49k5vxq6gx2yabiybk2bjmw-gcc-12.2.0/bin/gcc
Target: x86_64-unknown-linux-gnu
Configured with: 
Thread model: posix
Supported LTO compression algorithms: zlib
gcc version 12.2.0 (GCC) 
COLLECT_GCC_OPTIONS='-fdiagnostics-color=always' '-v' '-o' 'CMakeFiles/cmTC_57d24.dir/CMakeCCompilerABI.c.o' '-c' '-B' '/nix/store/1n2l5law9g3b77hcfyp50vrhhssbrj5g-glibc-2.37-8/lib/' '-idirafter' '/nix/store/wb2dlc8kpvrn960vq7j7c8822pi43n48-glibc-2.37-8-dev/include' '-idirafter' '/nix/store/aafdki1nf49k5vxq6gx2yabiybk2bjmw-gcc-12.2.0/lib/gcc/x86_64-unknown-linux-gnu/12.2.0/include-fixed' '-B' '/nix/store/aafdki1nf49k5vxq6gx2yabiybk2bjmw-gcc-12.2.0/lib/gcc/x86_64-unknown-linux-gnu/12.2.0' '-B' '/nix/store/g012c53brxmb0if3lpmkjwmxk74hjflh-gcc-12.2.0-lib/lib' '-B' '/nix/store/nlgyw2fv0cm8rkz8qm1jyw78vyif1bl9-gcc-wrapper-12.2.0/bin/' '-mtune=generic' '-march=x86-64' '-dumpdir' 'CMakeFiles/cmTC_57d24.dir/'
 /nix/store/aafdki1nf49k5vxq6gx2yabiybk2bjmw-gcc-12.2.0/libexec/gcc/x86_64-unknown-linux-gnu/12.2.0/cc1 -quiet -v -isystem /nix/store/aafdki1nf49k5vxq6gx2yabiybk2bjmw-gcc-12.2.0/lib/gcc/x86_64-unknown-linux-gnu/12.2.0/include -isystem /nix/store/aafdki1nf49k5vxq6gx2yabiybk2bjmw-gcc-12.2.0/lib/gcc/x86_64-unknown-linux-gnu/12.2.0/include-fixed -idirafter /nix/store/wb2dlc8kpvrn960vq7j7c8822pi43n48-glibc-2.37-8-dev/include -idirafter /nix/store/aafdki1nf49k5vxq6gx2yabiybk2bjmw-gcc-12.2.0/lib/gcc/x86_64-unknown-linux-gnu/12.2.0/include-fixed /nix/store/9d67jcm1wj09wqgffh8v5mkgil9psnrw-cmake-3.25.3/share/cmake-3.25/Modules/CMakeCCompilerABI.c -quiet -dumpdir CMakeFiles/cmTC_57d24.dir/ -dumpbase CMakeCCompilerABI.c.c -dumpbase-ext .c -mtune=generic -march=x86-64 -version -fdiagnostics-color=always -o /tmp/ccugiUQq.s
GNU C17 (GCC) version 12.2.0 (x86_64-unknown-linux-gnu)
	compiled by GNU C version 12.2.0, GMP version 6.2.1, MPFR version 4.2.0, MPC version 1.3.1, isl version isl-0.20-GMP

GGC heuristics: --param ggc-min-expand=100 --param ggc-min-heapsize=131072
ignoring duplicate directory "/nix/store/aafdki1nf49k5vxq6gx2yabiybk2bjmw-gcc-12.2.0/lib/gcc/x86_64-unknown-linux-gnu/12.2.0/include"
ignoring duplicate directory "/nix/store/aafdki1nf49k5vxq6gx2yabiybk2bjmw-gcc-12.2.0/lib/gcc/x86_64-unknown-linux-gnu/12.2.0/include-fixed"
ignoring nonexistent directory "/nix/store/aafdki1nf49k5vxq6gx2yabiybk2bjmw-gcc-12.2.0/lib/gcc/x86_64-unknown-linux-gnu/12.2.0/../../../../x86_64-unknown-linux-gnu/include"
ignoring duplicate directory "/nix/store/wb2dlc8kpvrn960vq7j7c8822pi43n48-glibc-2.37-8-dev/include"
ignoring duplicate directory "/nix/store/aafdki1nf49k5vxq6gx2yabiybk2bjmw-gcc-12.2.0/lib/gcc/x86_64-unknown-linux-gnu/12.2.0/include-fixed"
#include "..." search starts here:
#include <...> search starts here:
 /nix/store/aafdki1nf49k5vxq6gx2yabiybk2bjmw-gcc-12.2.0/lib/gcc/x86_64-unknown-linux-gnu/12.2.0/include
 /nix/store/aafdki1nf49k5vxq6gx2yabiybk2bjmw-gcc-12.2.0/lib/gcc/x86_64-unknown-linux-gnu/12.2.0/include-fixed
 /nix/store/aafdki1nf49k5vxq6gx2yabiybk2bjmw-gcc-12.2.0/include
 /nix/store/wb2dlc8kpvrn960vq7j7c8822pi43n48-glibc-2.37-8-dev/include
End of search list.
GNU C17 (GCC) version 12.2.0 (x86_64-unknown-linux-gnu)
	compiled by GNU C version 12.2.0, GMP version 6.2.1, MPFR version 4.2.0, MPC version 1.3.1, isl version isl-0.20-GMP

GGC heuristics: --param ggc-min-expand=100 --param ggc-min-heapsize=131072
Compiler executable checksum: 35abe1b4d997b7955bde744f7812924f
COLLECT_GCC_OPTIONS='-fdiagnostics-color=always' '-v' '-o' 'CMakeFiles/cmTC_57d24.dir/CMakeCCompilerABI.c.o' '-c' '-B' '/nix/store/1n2l5law9g3b77hcfyp50vrhhssbrj5g-glibc-2.37-8/lib/' '-idirafter' '/nix/store/wb2dlc8kpvrn960vq7j7c8822pi43n48-glibc-2.37-8-dev/include' '-idirafter' '/nix/store/aafdki1nf49k5vxq6gx2yabiybk2bjmw-gcc-12.2.0/lib/gcc/x86_64-unknown-linux-gnu/12.2.0/include-fixed' '-B' '/nix/store/aafdki1nf49k5vxq6gx2yabiybk2bjmw-gcc-12.2.0/lib/gcc/x86_64-unknown-linux-gnu/12.2.0' '-B' '/nix/store/g012c53brxmb0if3lpmkjwmxk74hjflh-gcc-12.2.0-lib/lib' '-B' '/nix/store/nlgyw2fv0cm8rkz8qm1jyw78vyif1bl9-gcc-wrapper-12.2.0/bin/' '-mtune=generic' '-march=x86-64' '-dumpdir' 'CMakeFiles/cmTC_57d24.dir/'
 /nix/store/nlgyw2fv0cm8rkz8qm1jyw78vyif1bl9-gcc-wrapper-12.2.0/bin/as -v --64 -o CMakeFiles/cmTC_57d24.dir/CMakeCCompilerABI.c.o /tmp/ccugiUQq.s
GNU assembler version 2.40 (x86_64-unknown-linux-gnu) using BFD version (GNU Binutils) 2.40
COMPILER_PATH=/nix/store/1n2l5law9g3b77hcfyp50vrhhssbrj5g-glibc-2.37-8/lib/:/nix/store/aafdki1nf49k5vxq6gx2yabiybk2bjmw-gcc-12.2.0/lib/gcc/x86_64-unknown-linux-gnu/12.2.0/:/nix/store/g012c53brxmb0if3lpmkjwmxk74hjflh-gcc-12.2.0-lib/lib/:/nix/store/nlgyw2fv0cm8rkz8qm1jyw78vyif1bl9-gcc-wrapper-12.2.0/bin/:/nix/store/aafdki1nf49k5vxq6gx2yabiybk2bjmw-gcc-12.2.0/libexec/gcc/x86_64-unknown-linux-gnu/12.2.0/:/nix/store/aafdki1nf49k5vxq6gx2yabiybk2bjmw-gcc-12.2.0/libexec/gcc/x86_64-unknown-linux-gnu/12.2.0/:/nix/store/aafdki1nf49k5vxq6gx2yabiybk2bjmw-gcc-12.2.0/libexec/gcc/x86_64-unknown-linux-gnu/:/nix/store/aafdki1nf49k5vxq6gx2yabiybk2bjmw-gcc-12.2.0/lib/gcc/x86_64-unknown-linux-gnu/12.2.0/:/nix/store/aafdki1nf49k5vxq6gx2yabiybk2bjmw-gcc-12.2.0/lib/gcc/x86_64-unknown-linux-gnu/
LIBRARY_PATH=/nix/store/1n2l5law9g3b77hcfyp50vrhhssbrj5g-glibc-2.37-8/lib/:/nix/store/aafdki1nf49k5vxq6gx2yabiybk2bjmw-gcc-12.2.0/lib/gcc/x86_64-unknown-linux-gnu/12.2.0/:/nix/store/g012c53brxmb0if3lpmkjwmxk74hjflh-gcc-12.2.0-lib/lib/:/nix/store/nlgyw2fv0cm8rkz8qm1jyw78vyif1bl9-gcc-wrapper-12.2.0/bin/:/nix/store/aafdki1nf49k5vxq6gx2yabiybk2bjmw-gcc-12.2.0/lib/gcc/x86_64-unknown-linux-gnu/12.2.0/:/nix/store/aafdki1nf49k5vxq6gx2yabiybk2bjmw-gcc-12.2.0/lib/gcc/x86_64-unknown-linux-gnu/12.2.0/../../../../lib64/:/nix/store/aafdki1nf49k5vxq6gx2yabiybk2bjmw-gcc-12.2.0/lib/gcc/x86_64-unknown-linux-gnu/12.2.0/../../../
COLLECT_GCC_OPTIONS='-fdiagnostics-color=always' '-v' '-o' 'CMakeFiles/cmTC_57d24.dir/CMakeCCompilerABI.c.o' '-c' '-B' '/nix/store/1n2l5law9g3b77hcfyp50vrhhssbrj5g-glibc-2.37-8/lib/' '-idirafter' '/nix/store/wb2dlc8kpvrn960vq7j7c8822pi43n48-glibc-2.37-8-dev/include' '-idirafter' '/nix/store/aafdki1nf49k5vxq6gx2yabiybk2bjmw-gcc-12.2.0/lib/gcc/x86_64-unknown-linux-gnu/12.2.0/include-fixed' '-B' '/nix/store/aafdki1nf49k5vxq6gx2yabiybk2bjmw-gcc-12.2.0/lib/gcc/x86_64-unknown-linux-gnu/12.2.0' '-B' '/nix/store/g012c53brxmb0if3lpmkjwmxk74hjflh-gcc-12.2.0-lib/lib' '-B' '/nix/store/nlgyw2fv0cm8rkz8qm1jyw78vyif1bl9-gcc-wrapper-12.2.0/bin/' '-mtune=generic' '-march=x86-64' '-dumpdir' 'CMakeFiles/cmTC_57d24.dir/CMakeCCompilerABI.c.'
[2/2] Linking C executable cmTC_57d24
Using built-in specs.
COLLECT_GCC=/nix/store/aafdki1nf49k5vxq6gx2yabiybk2bjmw-gcc-12.2.0/bin/gcc
COLLECT_LTO_WRAPPER=/nix/store/aafdki1nf49k5vxq6gx2yabiybk2bjmw-gcc-12.2.0/libexec/gcc/x86_64-unknown-linux-gnu/12.2.0/lto-wrapper
Target: x86_64-unknown-linux-gnu
Configured with: 
Thread model: posix
Supported LTO compression algorithms: zlib
gcc version 12.2.0 (GCC) 
COMPILER_PATH=/nix/store/1n2l5law9g3b77hcfyp50vrhhssbrj5g-glibc-2.37-8/lib/:/nix/store/aafdki1nf49k5vxq6gx2yabiybk2bjmw-gcc-12.2.0/lib/gcc/x86_64-unknown-linux-gnu/12.2.0/:/nix/store/g012c53brxmb0if3lpmkjwmxk74hjflh-gcc-12.2.0-lib/lib/:/nix/store/nlgyw2fv0cm8rkz8qm1jyw78vyif1bl9-gcc-wrapper-12.2.0/bin/:/nix/store/aafdki1nf49k5vxq6gx2yabiybk2bjmw-gcc-12.2.0/libexec/gcc/x86_64-unknown-linux-gnu/12.2.0/:/nix/store/aafdki1nf49k5vxq6gx2yabiybk2bjmw-gcc-12.2.0/libexec/gcc/x86_64-unknown-linux-gnu/12.2.0/:/nix/store/aafdki1nf49k5vxq6gx2yabiybk2bjmw-gcc-12.2.0/libexec/gcc/x86_64-unknown-linux-gnu/:/nix/store/aafdki1nf49k5vxq6gx2yabiybk2bjmw-gcc-12.2.0/lib/gcc/x86_64-unknown-linux-gnu/12.2.0/:/nix/store/aafdki1nf49k5vxq6gx2yabiybk2bjmw-gcc-12.2.0/lib/gcc/x86_64-unknown-linux-gnu/
LIBRARY_PATH=/nix/store/1n2l5law9g3b77hcfyp50vrhhssbrj5g-glibc-2.37-8/lib/:/nix/store/aafdki1nf49k5vxq6gx2yabiybk2bjmw-gcc-12.2.0/lib/gcc/x86_64-unknown-linux-gnu/12.2.0/:/nix/store/g012c53brxmb0if3lpmkjwmxk74hjflh-gcc-12.2.0-lib/lib/:/nix/store/nlgyw2fv0cm8rkz8qm1jyw78vyif1bl9-gcc-wrapper-12.2.0/bin/:/nix/store/aafdki1nf49k5vxq6gx2yabiybk2bjmw-gcc-12.2.0/lib/gcc/x86_64-unknown-linux-gnu/12.2.0/:/nix/store/aafdki1nf49k5vxq6gx2yabiybk2bjmw-gcc-12.2.0/lib/gcc/x86_64-unknown-linux-gnu/12.2.0/../../../../lib64/:/nix/store/aafdki1nf49k5vxq6gx2yabiybk2bjmw-gcc-12.2.0/lib/gcc/x86_64-unknown-linux-gnu/12.2.0/../../../
COLLECT_GCC_OPTIONS='-v' '-o' 'cmTC_57d24' '-B' '/nix/store/1n2l5law9g3b77hcfyp50vrhhssbrj5g-glibc-2.37-8/lib/' '-idirafter' '/nix/store/wb2dlc8kpvrn960vq7j7c8822pi43n48-glibc-2.37-8-dev/include' '-idirafter' '/nix/store/aafdki1nf49k5vxq6gx2yabiybk2bjmw-gcc-12.2.0/lib/gcc/x86_64-unknown-linux-gnu/12.2.0/include-fixed' '-B' '/nix/store/aafdki1nf49k5vxq6gx2yabiybk2bjmw-gcc-12.2.0/lib/gcc/x86_64-unknown-linux-gnu/12.2.0' '-B' '/nix/store/g012c53brxmb0if3lpmkjwmxk74hjflh-gcc-12.2.0-lib/lib' '-B' '/nix/store/nlgyw2fv0cm8rkz8qm1jyw78vyif1bl9-gcc-wrapper-12.2.0/bin/' '-L/nix/store/1n2l5law9g3b77hcfyp50vrhhssbrj5g-glibc-2.37-8/lib' '-L/nix/store/aafdki1nf49k5vxq6gx2yabiybk2bjmw-gcc-12.2.0/lib/gcc/x86_64-unknown-linux-gnu/12.2.0' '-L/nix/store/g012c53brxmb0if3lpmkjwmxk74hjflh-gcc-12.2.0-lib/x86_64-unknown-linux-gnu/lib' '-L/nix/store/g012c53brxmb0if3lpmkjwmxk74hjflh-gcc-12.2.0-lib/lib' '-mtune=generic' '-march=x86-64' '-dumpdir' 'cmTC_57d24.'
 /nix/store/aafdki1nf49k5vxq6gx2yabiybk2bjmw-gcc-12.2.0/libexec/gcc/x86_64-unknown-linux-gnu/12.2.0/collect2 -plugin /nix/store/aafdki1nf49k5vxq6gx2yabiybk2bjmw-gcc-12.2.0/libexec/gcc/x86_64-unknown-linux-gnu/12.2.0/liblto_plugin.so -plugin-opt=/nix/store/aafdki1nf49k5vxq6gx2yabiybk2bjmw-gcc-12.2.0/libexec/gcc/x86_64-unknown-linux-gnu/12.2.0/lto-wrapper -plugin-opt=-fresolution=/tmp/ccIkmsUt.res -plugin-opt=-pass-through=-lgcc -plugin-opt=-pass-through=-lgcc_s -plugin-opt=-pass-through=-lc -plugin-opt=-pass-through=-lgcc -plugin-opt=-pass-through=-lgcc_s --eh-frame-hdr -m elf_x86_64 -dynamic-linker /nix/store/1n2l5law9g3b77hcfyp50vrhhssbrj5g-glibc-2.37-8/lib64/ld-linux-x86-64.so.2 -o cmTC_57d24 /nix/store/1n2l5law9g3b77hcfyp50vrhhssbrj5g-glibc-2.37-8/lib/crt1.o /nix/store/1n2l5law9g3b77hcfyp50vrhhssbrj5g-glibc-2.37-8/lib/crti.o /nix/store/aafdki1nf49k5vxq6gx2yabiybk2bjmw-gcc-12.2.0/lib/gcc/x86_64-unknown-linux-gnu/12.2.0/crtbegin.o -L/nix/store/1n2l5law9g3b77hcfyp50vrhhssbrj5g-glibc-2.37-8/lib -L/nix/store/aafdki1nf49k5vxq6gx2yabiybk2bjmw-gcc-12.2.0/lib/gcc/x86_64-unknown-linux-gnu/12.2.0 -L/nix/store/g012c53brxmb0if3lpmkjwmxk74hjflh-gcc-12.2.0-lib/x86_64-unknown-linux-gnu/lib -L/nix/store/g012c53brxmb0if3lpmkjwmxk74hjflh-gcc-12.2.0-lib/lib -L/nix/store/1n2l5law9g3b77hcfyp50vrhhssbrj5g-glibc-2.37-8/lib -L/nix/store/aafdki1nf49k5vxq6gx2yabiybk2bjmw-gcc-12.2.0/lib/gcc/x86_64-unknown-linux-gnu/12.2.0 -L/nix/store/g012c53brxmb0if3lpmkjwmxk74hjflh-gcc-12.2.0-lib/lib -L/nix/store/nlgyw2fv0cm8rkz8qm1jyw78vyif1bl9-gcc-wrapper-12.2.0/bin -L/nix/store/aafdki1nf49k5vxq6gx2yabiybk2bjmw-gcc-12.2.0/lib/gcc/x86_64-unknown-linux-gnu/12.2.0 -L/nix/store/aafdki1nf49k5vxq6gx2yabiybk2bjmw-gcc-12.2.0/lib/gcc/x86_64-unknown-linux-gnu/12.2.0/../../../../lib64 -L/nix/store/aafdki1nf49k5vxq6gx2yabiybk2bjmw-gcc-12.2.0/lib/gcc/x86_64-unknown-linux-gnu/12.2.0/../../.. -dynamic-linker=/nix/store/1n2l5law9g3b77hcfyp50vrhhssbrj5g-glibc-2.37-8/lib/ld-linux-x86-64.so.2 CMakeFiles/cmTC_57d24.dir/CMakeCCompilerABI.c.o -lgcc --push-state --as-needed -lgcc_s --pop-state -lc -lgcc --push-state --as-needed -lgcc_s --pop-state /nix/store/aafdki1nf49k5vxq6gx2yabiybk2bjmw-gcc-12.2.0/lib/gcc/x86_64-unknown-linux-gnu/12.2.0/crtend.o /nix/store/1n2l5law9g3b77hcfyp50vrhhssbrj5g-glibc-2.37-8/lib/crtn.o
COLLECT_GCC_OPTIONS='-v' '-o' 'cmTC_57d24' '-B' '/nix/store/1n2l5law9g3b77hcfyp50vrhhssbrj5g-glibc-2.37-8/lib/' '-idirafter' '/nix/store/wb2dlc8kpvrn960vq7j7c8822pi43n48-glibc-2.37-8-dev/include' '-idirafter' '/nix/store/aafdki1nf49k5vxq6gx2yabiybk2bjmw-gcc-12.2.0/lib/gcc/x86_64-unknown-linux-gnu/12.2.0/include-fixed' '-B' '/nix/store/aafdki1nf49k5vxq6gx2yabiybk2bjmw-gcc-12.2.0/lib/gcc/x86_64-unknown-linux-gnu/12.2.0' '-B' '/nix/store/g012c53brxmb0if3lpmkjwmxk74hjflh-gcc-12.2.0-lib/lib' '-B' '/nix/store/nlgyw2fv0cm8rkz8qm1jyw78vyif1bl9-gcc-wrapper-12.2.0/bin/' '-L/nix/store/1n2l5law9g3b77hcfyp50vrhhssbrj5g-glibc-2.37-8/lib' '-L/nix/store/aafdki1nf49k5vxq6gx2yabiybk2bjmw-gcc-12.2.0/lib/gcc/x86_64-unknown-linux-gnu/12.2.0' '-L/nix/store/g012c53brxmb0if3lpmkjwmxk74hjflh-gcc-12.2.0-lib/x86_64-unknown-linux-gnu/lib' '-L/nix/store/g012c53brxmb0if3lpmkjwmxk74hjflh-gcc-12.2.0-lib/lib' '-mtune=generic' '-march=x86-64' '-dumpdir' 'cmTC_57d24.'



Parsed C implicit include dir info from above output: rv=done
  found start of include info
  found start of implicit include info
    add: [/nix/store/aafdki1nf49k5vxq6gx2yabiybk2bjmw-gcc-12.2.0/lib/gcc/x86_64-unknown-linux-gnu/12.2.0/include]
    add: [/nix/store/aafdki1nf49k5vxq6gx2yabiybk2bjmw-gcc-12.2.0/lib/gcc/x86_64-unknown-linux-gnu/12.2.0/include-fixed]
    add: [/nix/store/aafdki1nf49k5vxq6gx2yabiybk2bjmw-gcc-12.2.0/include]
    add: [/nix/store/wb2dlc8kpvrn960vq7j7c8822pi43n48-glibc-2.37-8-dev/include]
  end of search list found
  collapse include dir [/nix/store/aafdki1nf49k5vxq6gx2yabiybk2bjmw-gcc-12.2.0/lib/gcc/x86_64-unknown-linux-gnu/12.2.0/include] ==> [/nix/store/aafdki1nf49k5vxq6gx2yabiybk2bjmw-gcc-12.2.0/lib/gcc/x86_64-unknown-linux-gnu/12.2.0/include]
  collapse include dir [/nix/store/aafdki1nf49k5vxq6gx2yabiybk2bjmw-gcc-12.2.0/lib/gcc/x86_64-unknown-linux-gnu/12.2.0/include-fixed] ==> [/nix/store/aafdki1nf49k5vxq6gx2yabiybk2bjmw-gcc-12.2.0/lib/gcc/x86_64-unknown-linux-gnu/12.2.0/include-fixed]
  collapse include dir [/nix/store/aafdki1nf49k5vxq6gx2yabiybk2bjmw-gcc-12.2.0/include] ==> [/nix/store/aafdki1nf49k5vxq6gx2yabiybk2bjmw-gcc-12.2.0/include]
  collapse include dir [/nix/store/wb2dlc8kpvrn960vq7j7c8822pi43n48-glibc-2.37-8-dev/include] ==> [/nix/store/wb2dlc8kpvrn960vq7j7c8822pi43n48-glibc-2.37-8-dev/include]
  implicit include dirs: [/nix/store/aafdki1nf49k5vxq6gx2yabiybk2bjmw-gcc-12.2.0/lib/gcc/x86_64-unknown-linux-gnu/12.2.0/include;/nix/store/aafdki1nf49k5vxq6gx2yabiybk2bjmw-gcc-12.2.0/lib/gcc/x86_64-unknown-linux-gnu/12.2.0/include-fixed;/nix/store/aafdki1nf49k5vxq6gx2yabiybk2bjmw-gcc-12.2.0/include;/nix/store/wb2dlc8kpvrn960vq7j7c8822pi43n48-glibc-2.37-8-dev/include]


Parsed C implicit link information from above output:
  link line regex: [^( *|.*[/\])(ld|CMAKE_LINK_STARTFILE-NOTFOUND|([^/\]+-)?ld|collect2)[^/\]*( |$)]
  ignore line: [Change Dir: /home/tei/Downloads/newAdtTest/cmake-build-debug/CMakeFiles/CMakeScratch/TryCompile-Z9f1MN]
  ignore line: []
  ignore line: [Run Build Command(s):/nix/store/v9gz813mfd3f5q65gz2wb8w1cayxrfdz-clion-2023.1/clion/bin/ninja/linux/x64/ninja cmTC_57d24 && [1/2] Building C object CMakeFiles/cmTC_57d24.dir/CMakeCCompilerABI.c.o]
  ignore line: [Using built-in specs.]
  ignore line: [COLLECT_GCC=/nix/store/aafdki1nf49k5vxq6gx2yabiybk2bjmw-gcc-12.2.0/bin/gcc]
  ignore line: [Target: x86_64-unknown-linux-gnu]
  ignore line: [Configured with: ]
  ignore line: [Thread model: posix]
  ignore line: [Supported LTO compression algorithms: zlib]
  ignore line: [gcc version 12.2.0 (GCC) ]
  ignore line: [COLLECT_GCC_OPTIONS='-fdiagnostics-color=always' '-v' '-o' 'CMakeFiles/cmTC_57d24.dir/CMakeCCompilerABI.c.o' '-c' '-B' '/nix/store/1n2l5law9g3b77hcfyp50vrhhssbrj5g-glibc-2.37-8/lib/' '-idirafter' '/nix/store/wb2dlc8kpvrn960vq7j7c8822pi43n48-glibc-2.37-8-dev/include' '-idirafter' '/nix/store/aafdki1nf49k5vxq6gx2yabiybk2bjmw-gcc-12.2.0/lib/gcc/x86_64-unknown-linux-gnu/12.2.0/include-fixed' '-B' '/nix/store/aafdki1nf49k5vxq6gx2yabiybk2bjmw-gcc-12.2.0/lib/gcc/x86_64-unknown-linux-gnu/12.2.0' '-B' '/nix/store/g012c53brxmb0if3lpmkjwmxk74hjflh-gcc-12.2.0-lib/lib' '-B' '/nix/store/nlgyw2fv0cm8rkz8qm1jyw78vyif1bl9-gcc-wrapper-12.2.0/bin/' '-mtune=generic' '-march=x86-64' '-dumpdir' 'CMakeFiles/cmTC_57d24.dir/']
  ignore line: [ /nix/store/aafdki1nf49k5vxq6gx2yabiybk2bjmw-gcc-12.2.0/libexec/gcc/x86_64-unknown-linux-gnu/12.2.0/cc1 -quiet -v -isystem /nix/store/aafdki1nf49k5vxq6gx2yabiybk2bjmw-gcc-12.2.0/lib/gcc/x86_64-unknown-linux-gnu/12.2.0/include -isystem /nix/store/aafdki1nf49k5vxq6gx2yabiybk2bjmw-gcc-12.2.0/lib/gcc/x86_64-unknown-linux-gnu/12.2.0/include-fixed -idirafter /nix/store/wb2dlc8kpvrn960vq7j7c8822pi43n48-glibc-2.37-8-dev/include -idirafter /nix/store/aafdki1nf49k5vxq6gx2yabiybk2bjmw-gcc-12.2.0/lib/gcc/x86_64-unknown-linux-gnu/12.2.0/include-fixed /nix/store/9d67jcm1wj09wqgffh8v5mkgil9psnrw-cmake-3.25.3/share/cmake-3.25/Modules/CMakeCCompilerABI.c -quiet -dumpdir CMakeFiles/cmTC_57d24.dir/ -dumpbase CMakeCCompilerABI.c.c -dumpbase-ext .c -mtune=generic -march=x86-64 -version -fdiagnostics-color=always -o /tmp/ccugiUQq.s]
  ignore line: [GNU C17 (GCC) version 12.2.0 (x86_64-unknown-linux-gnu)]
  ignore line: [	compiled by GNU C version 12.2.0  GMP version 6.2.1  MPFR version 4.2.0  MPC version 1.3.1  isl version isl-0.20-GMP]
  ignore line: []
  ignore line: [GGC heuristics: --param ggc-min-expand=100 --param ggc-min-heapsize=131072]
  ignore line: [ignoring duplicate directory "/nix/store/aafdki1nf49k5vxq6gx2yabiybk2bjmw-gcc-12.2.0/lib/gcc/x86_64-unknown-linux-gnu/12.2.0/include"]
  ignore line: [ignoring duplicate directory "/nix/store/aafdki1nf49k5vxq6gx2yabiybk2bjmw-gcc-12.2.0/lib/gcc/x86_64-unknown-linux-gnu/12.2.0/include-fixed"]
  ignore line: [ignoring nonexistent directory "/nix/store/aafdki1nf49k5vxq6gx2yabiybk2bjmw-gcc-12.2.0/lib/gcc/x86_64-unknown-linux-gnu/12.2.0/../../../../x86_64-unknown-linux-gnu/include"]
  ignore line: [ignoring duplicate directory "/nix/store/wb2dlc8kpvrn960vq7j7c8822pi43n48-glibc-2.37-8-dev/include"]
  ignore line: [ignoring duplicate directory "/nix/store/aafdki1nf49k5vxq6gx2yabiybk2bjmw-gcc-12.2.0/lib/gcc/x86_64-unknown-linux-gnu/12.2.0/include-fixed"]
  ignore line: [#include "..." search starts here:]
  ignore line: [#include <...> search starts here:]
  ignore line: [ /nix/store/aafdki1nf49k5vxq6gx2yabiybk2bjmw-gcc-12.2.0/lib/gcc/x86_64-unknown-linux-gnu/12.2.0/include]
  ignore line: [ /nix/store/aafdki1nf49k5vxq6gx2yabiybk2bjmw-gcc-12.2.0/lib/gcc/x86_64-unknown-linux-gnu/12.2.0/include-fixed]
  ignore line: [ /nix/store/aafdki1nf49k5vxq6gx2yabiybk2bjmw-gcc-12.2.0/include]
  ignore line: [ /nix/store/wb2dlc8kpvrn960vq7j7c8822pi43n48-glibc-2.37-8-dev/include]
  ignore line: [End of search list.]
  ignore line: [GNU C17 (GCC) version 12.2.0 (x86_64-unknown-linux-gnu)]
  ignore line: [	compiled by GNU C version 12.2.0  GMP version 6.2.1  MPFR version 4.2.0  MPC version 1.3.1  isl version isl-0.20-GMP]
  ignore line: []
  ignore line: [GGC heuristics: --param ggc-min-expand=100 --param ggc-min-heapsize=131072]
  ignore line: [Compiler executable checksum: 35abe1b4d997b7955bde744f7812924f]
  ignore line: [COLLECT_GCC_OPTIONS='-fdiagnostics-color=always' '-v' '-o' 'CMakeFiles/cmTC_57d24.dir/CMakeCCompilerABI.c.o' '-c' '-B' '/nix/store/1n2l5law9g3b77hcfyp50vrhhssbrj5g-glibc-2.37-8/lib/' '-idirafter' '/nix/store/wb2dlc8kpvrn960vq7j7c8822pi43n48-glibc-2.37-8-dev/include' '-idirafter' '/nix/store/aafdki1nf49k5vxq6gx2yabiybk2bjmw-gcc-12.2.0/lib/gcc/x86_64-unknown-linux-gnu/12.2.0/include-fixed' '-B' '/nix/store/aafdki1nf49k5vxq6gx2yabiybk2bjmw-gcc-12.2.0/lib/gcc/x86_64-unknown-linux-gnu/12.2.0' '-B' '/nix/store/g012c53brxmb0if3lpmkjwmxk74hjflh-gcc-12.2.0-lib/lib' '-B' '/nix/store/nlgyw2fv0cm8rkz8qm1jyw78vyif1bl9-gcc-wrapper-12.2.0/bin/' '-mtune=generic' '-march=x86-64' '-dumpdir' 'CMakeFiles/cmTC_57d24.dir/']
  ignore line: [ /nix/store/nlgyw2fv0cm8rkz8qm1jyw78vyif1bl9-gcc-wrapper-12.2.0/bin/as -v --64 -o CMakeFiles/cmTC_57d24.dir/CMakeCCompilerABI.c.o /tmp/ccugiUQq.s]
  ignore line: [GNU assembler version 2.40 (x86_64-unknown-linux-gnu) using BFD version (GNU Binutils) 2.40]
  ignore line: [COMPILER_PATH=/nix/store/1n2l5law9g3b77hcfyp50vrhhssbrj5g-glibc-2.37-8/lib/:/nix/store/aafdki1nf49k5vxq6gx2yabiybk2bjmw-gcc-12.2.0/lib/gcc/x86_64-unknown-linux-gnu/12.2.0/:/nix/store/g012c53brxmb0if3lpmkjwmxk74hjflh-gcc-12.2.0-lib/lib/:/nix/store/nlgyw2fv0cm8rkz8qm1jyw78vyif1bl9-gcc-wrapper-12.2.0/bin/:/nix/store/aafdki1nf49k5vxq6gx2yabiybk2bjmw-gcc-12.2.0/libexec/gcc/x86_64-unknown-linux-gnu/12.2.0/:/nix/store/aafdki1nf49k5vxq6gx2yabiybk2bjmw-gcc-12.2.0/libexec/gcc/x86_64-unknown-linux-gnu/12.2.0/:/nix/store/aafdki1nf49k5vxq6gx2yabiybk2bjmw-gcc-12.2.0/libexec/gcc/x86_64-unknown-linux-gnu/:/nix/store/aafdki1nf49k5vxq6gx2yabiybk2bjmw-gcc-12.2.0/lib/gcc/x86_64-unknown-linux-gnu/12.2.0/:/nix/store/aafdki1nf49k5vxq6gx2yabiybk2bjmw-gcc-12.2.0/lib/gcc/x86_64-unknown-linux-gnu/]
  ignore line: [LIBRARY_PATH=/nix/store/1n2l5law9g3b77hcfyp50vrhhssbrj5g-glibc-2.37-8/lib/:/nix/store/aafdki1nf49k5vxq6gx2yabiybk2bjmw-gcc-12.2.0/lib/gcc/x86_64-unknown-linux-gnu/12.2.0/:/nix/store/g012c53brxmb0if3lpmkjwmxk74hjflh-gcc-12.2.0-lib/lib/:/nix/store/nlgyw2fv0cm8rkz8qm1jyw78vyif1bl9-gcc-wrapper-12.2.0/bin/:/nix/store/aafdki1nf49k5vxq6gx2yabiybk2bjmw-gcc-12.2.0/lib/gcc/x86_64-unknown-linux-gnu/12.2.0/:/nix/store/aafdki1nf49k5vxq6gx2yabiybk2bjmw-gcc-12.2.0/lib/gcc/x86_64-unknown-linux-gnu/12.2.0/../../../../lib64/:/nix/store/aafdki1nf49k5vxq6gx2yabiybk2bjmw-gcc-12.2.0/lib/gcc/x86_64-unknown-linux-gnu/12.2.0/../../../]
  ignore line: [COLLECT_GCC_OPTIONS='-fdiagnostics-color=always' '-v' '-o' 'CMakeFiles/cmTC_57d24.dir/CMakeCCompilerABI.c.o' '-c' '-B' '/nix/store/1n2l5law9g3b77hcfyp50vrhhssbrj5g-glibc-2.37-8/lib/' '-idirafter' '/nix/store/wb2dlc8kpvrn960vq7j7c8822pi43n48-glibc-2.37-8-dev/include' '-idirafter' '/nix/store/aafdki1nf49k5vxq6gx2yabiybk2bjmw-gcc-12.2.0/lib/gcc/x86_64-unknown-linux-gnu/12.2.0/include-fixed' '-B' '/nix/store/aafdki1nf49k5vxq6gx2yabiybk2bjmw-gcc-12.2.0/lib/gcc/x86_64-unknown-linux-gnu/12.2.0' '-B' '/nix/store/g012c53brxmb0if3lpmkjwmxk74hjflh-gcc-12.2.0-lib/lib' '-B' '/nix/store/nlgyw2fv0cm8rkz8qm1jyw78vyif1bl9-gcc-wrapper-12.2.0/bin/' '-mtune=generic' '-march=x86-64' '-dumpdir' 'CMakeFiles/cmTC_57d24.dir/CMakeCCompilerABI.c.']
  ignore line: [[2/2] Linking C executable cmTC_57d24]
  ignore line: [Using built-in specs.]
  ignore line: [COLLECT_GCC=/nix/store/aafdki1nf49k5vxq6gx2yabiybk2bjmw-gcc-12.2.0/bin/gcc]
  ignore line: [COLLECT_LTO_WRAPPER=/nix/store/aafdki1nf49k5vxq6gx2yabiybk2bjmw-gcc-12.2.0/libexec/gcc/x86_64-unknown-linux-gnu/12.2.0/lto-wrapper]
  ignore line: [Target: x86_64-unknown-linux-gnu]
  ignore line: [Configured with: ]
  ignore line: [Thread model: posix]
  ignore line: [Supported LTO compression algorithms: zlib]
  ignore line: [gcc version 12.2.0 (GCC) ]
  ignore line: [COMPILER_PATH=/nix/store/1n2l5law9g3b77hcfyp50vrhhssbrj5g-glibc-2.37-8/lib/:/nix/store/aafdki1nf49k5vxq6gx2yabiybk2bjmw-gcc-12.2.0/lib/gcc/x86_64-unknown-linux-gnu/12.2.0/:/nix/store/g012c53brxmb0if3lpmkjwmxk74hjflh-gcc-12.2.0-lib/lib/:/nix/store/nlgyw2fv0cm8rkz8qm1jyw78vyif1bl9-gcc-wrapper-12.2.0/bin/:/nix/store/aafdki1nf49k5vxq6gx2yabiybk2bjmw-gcc-12.2.0/libexec/gcc/x86_64-unknown-linux-gnu/12.2.0/:/nix/store/aafdki1nf49k5vxq6gx2yabiybk2bjmw-gcc-12.2.0/libexec/gcc/x86_64-unknown-linux-gnu/12.2.0/:/nix/store/aafdki1nf49k5vxq6gx2yabiybk2bjmw-gcc-12.2.0/libexec/gcc/x86_64-unknown-linux-gnu/:/nix/store/aafdki1nf49k5vxq6gx2yabiybk2bjmw-gcc-12.2.0/lib/gcc/x86_64-unknown-linux-gnu/12.2.0/:/nix/store/aafdki1nf49k5vxq6gx2yabiybk2bjmw-gcc-12.2.0/lib/gcc/x86_64-unknown-linux-gnu/]
  ignore line: [LIBRARY_PATH=/nix/store/1n2l5law9g3b77hcfyp50vrhhssbrj5g-glibc-2.37-8/lib/:/nix/store/aafdki1nf49k5vxq6gx2yabiybk2bjmw-gcc-12.2.0/lib/gcc/x86_64-unknown-linux-gnu/12.2.0/:/nix/store/g012c53brxmb0if3lpmkjwmxk74hjflh-gcc-12.2.0-lib/lib/:/nix/store/nlgyw2fv0cm8rkz8qm1jyw78vyif1bl9-gcc-wrapper-12.2.0/bin/:/nix/store/aafdki1nf49k5vxq6gx2yabiybk2bjmw-gcc-12.2.0/lib/gcc/x86_64-unknown-linux-gnu/12.2.0/:/nix/store/aafdki1nf49k5vxq6gx2yabiybk2bjmw-gcc-12.2.0/lib/gcc/x86_64-unknown-linux-gnu/12.2.0/../../../../lib64/:/nix/store/aafdki1nf49k5vxq6gx2yabiybk2bjmw-gcc-12.2.0/lib/gcc/x86_64-unknown-linux-gnu/12.2.0/../../../]
  ignore line: [COLLECT_GCC_OPTIONS='-v' '-o' 'cmTC_57d24' '-B' '/nix/store/1n2l5law9g3b77hcfyp50vrhhssbrj5g-glibc-2.37-8/lib/' '-idirafter' '/nix/store/wb2dlc8kpvrn960vq7j7c8822pi43n48-glibc-2.37-8-dev/include' '-idirafter' '/nix/store/aafdki1nf49k5vxq6gx2yabiybk2bjmw-gcc-12.2.0/lib/gcc/x86_64-unknown-linux-gnu/12.2.0/include-fixed' '-B' '/nix/store/aafdki1nf49k5vxq6gx2yabiybk2bjmw-gcc-12.2.0/lib/gcc/x86_64-unknown-linux-gnu/12.2.0' '-B' '/nix/store/g012c53brxmb0if3lpmkjwmxk74hjflh-gcc-12.2.0-lib/lib' '-B' '/nix/store/nlgyw2fv0cm8rkz8qm1jyw78vyif1bl9-gcc-wrapper-12.2.0/bin/' '-L/nix/store/1n2l5law9g3b77hcfyp50vrhhssbrj5g-glibc-2.37-8/lib' '-L/nix/store/aafdki1nf49k5vxq6gx2yabiybk2bjmw-gcc-12.2.0/lib/gcc/x86_64-unknown-linux-gnu/12.2.0' '-L/nix/store/g012c53brxmb0if3lpmkjwmxk74hjflh-gcc-12.2.0-lib/x86_64-unknown-linux-gnu/lib' '-L/nix/store/g012c53brxmb0if3lpmkjwmxk74hjflh-gcc-12.2.0-lib/lib' '-mtune=generic' '-march=x86-64' '-dumpdir' 'cmTC_57d24.']
  link line: [ /nix/store/aafdki1nf49k5vxq6gx2yabiybk2bjmw-gcc-12.2.0/libexec/gcc/x86_64-unknown-linux-gnu/12.2.0/collect2 -plugin /nix/store/aafdki1nf49k5vxq6gx2yabiybk2bjmw-gcc-12.2.0/libexec/gcc/x86_64-unknown-linux-gnu/12.2.0/liblto_plugin.so -plugin-opt=/nix/store/aafdki1nf49k5vxq6gx2yabiybk2bjmw-gcc-12.2.0/libexec/gcc/x86_64-unknown-linux-gnu/12.2.0/lto-wrapper -plugin-opt=-fresolution=/tmp/ccIkmsUt.res -plugin-opt=-pass-through=-lgcc -plugin-opt=-pass-through=-lgcc_s -plugin-opt=-pass-through=-lc -plugin-opt=-pass-through=-lgcc -plugin-opt=-pass-through=-lgcc_s --eh-frame-hdr -m elf_x86_64 -dynamic-linker /nix/store/1n2l5law9g3b77hcfyp50vrhhssbrj5g-glibc-2.37-8/lib64/ld-linux-x86-64.so.2 -o cmTC_57d24 /nix/store/1n2l5law9g3b77hcfyp50vrhhssbrj5g-glibc-2.37-8/lib/crt1.o /nix/store/1n2l5law9g3b77hcfyp50vrhhssbrj5g-glibc-2.37-8/lib/crti.o /nix/store/aafdki1nf49k5vxq6gx2yabiybk2bjmw-gcc-12.2.0/lib/gcc/x86_64-unknown-linux-gnu/12.2.0/crtbegin.o -L/nix/store/1n2l5law9g3b77hcfyp50vrhhssbrj5g-glibc-2.37-8/lib -L/nix/store/aafdki1nf49k5vxq6gx2yabiybk2bjmw-gcc-12.2.0/lib/gcc/x86_64-unknown-linux-gnu/12.2.0 -L/nix/store/g012c53brxmb0if3lpmkjwmxk74hjflh-gcc-12.2.0-lib/x86_64-unknown-linux-gnu/lib -L/nix/store/g012c53brxmb0if3lpmkjwmxk74hjflh-gcc-12.2.0-lib/lib -L/nix/store/1n2l5law9g3b77hcfyp50vrhhssbrj5g-glibc-2.37-8/lib -L/nix/store/aafdki1nf49k5vxq6gx2yabiybk2bjmw-gcc-12.2.0/lib/gcc/x86_64-unknown-linux-gnu/12.2.0 -L/nix/store/g012c53brxmb0if3lpmkjwmxk74hjflh-gcc-12.2.0-lib/lib -L/nix/store/nlgyw2fv0cm8rkz8qm1jyw78vyif1bl9-gcc-wrapper-12.2.0/bin -L/nix/store/aafdki1nf49k5vxq6gx2yabiybk2bjmw-gcc-12.2.0/lib/gcc/x86_64-unknown-linux-gnu/12.2.0 -L/nix/store/aafdki1nf49k5vxq6gx2yabiybk2bjmw-gcc-12.2.0/lib/gcc/x86_64-unknown-linux-gnu/12.2.0/../../../../lib64 -L/nix/store/aafdki1nf49k5vxq6gx2yabiybk2bjmw-gcc-12.2.0/lib/gcc/x86_64-unknown-linux-gnu/12.2.0/../../.. -dynamic-linker=/nix/store/1n2l5law9g3b77hcfyp50vrhhssbrj5g-glibc-2.37-8/lib/ld-linux-x86-64.so.2 CMakeFiles/cmTC_57d24.dir/CMakeCCompilerABI.c.o -lgcc --push-state --as-needed -lgcc_s --pop-state -lc -lgcc --push-state --as-needed -lgcc_s --pop-state /nix/store/aafdki1nf49k5vxq6gx2yabiybk2bjmw-gcc-12.2.0/lib/gcc/x86_64-unknown-linux-gnu/12.2.0/crtend.o /nix/store/1n2l5law9g3b77hcfyp50vrhhssbrj5g-glibc-2.37-8/lib/crtn.o]
    arg [/nix/store/aafdki1nf49k5vxq6gx2yabiybk2bjmw-gcc-12.2.0/libexec/gcc/x86_64-unknown-linux-gnu/12.2.0/collect2] ==> ignore
    arg [-plugin] ==> ignore
    arg [/nix/store/aafdki1nf49k5vxq6gx2yabiybk2bjmw-gcc-12.2.0/libexec/gcc/x86_64-unknown-linux-gnu/12.2.0/liblto_plugin.so] ==> ignore
    arg [-plugin-opt=/nix/store/aafdki1nf49k5vxq6gx2yabiybk2bjmw-gcc-12.2.0/libexec/gcc/x86_64-unknown-linux-gnu/12.2.0/lto-wrapper] ==> ignore
    arg [-plugin-opt=-fresolution=/tmp/ccIkmsUt.res] ==> ignore
    arg [-plugin-opt=-pass-through=-lgcc] ==> ignore
    arg [-plugin-opt=-pass-through=-lgcc_s] ==> ignore
    arg [-plugin-opt=-pass-through=-lc] ==> ignore
    arg [-plugin-opt=-pass-through=-lgcc] ==> ignore
    arg [-plugin-opt=-pass-through=-lgcc_s] ==> ignore
    arg [--eh-frame-hdr] ==> ignore
    arg [-m] ==> ignore
    arg [elf_x86_64] ==> ignore
    arg [-dynamic-linker] ==> ignore
    arg [/nix/store/1n2l5law9g3b77hcfyp50vrhhssbrj5g-glibc-2.37-8/lib64/ld-linux-x86-64.so.2] ==> ignore
    arg [-o] ==> ignore
    arg [cmTC_57d24] ==> ignore
    arg [/nix/store/1n2l5law9g3b77hcfyp50vrhhssbrj5g-glibc-2.37-8/lib/crt1.o] ==> obj [/nix/store/1n2l5law9g3b77hcfyp50vrhhssbrj5g-glibc-2.37-8/lib/crt1.o]
    arg [/nix/store/1n2l5law9g3b77hcfyp50vrhhssbrj5g-glibc-2.37-8/lib/crti.o] ==> obj [/nix/store/1n2l5law9g3b77hcfyp50vrhhssbrj5g-glibc-2.37-8/lib/crti.o]
    arg [/nix/store/aafdki1nf49k5vxq6gx2yabiybk2bjmw-gcc-12.2.0/lib/gcc/x86_64-unknown-linux-gnu/12.2.0/crtbegin.o] ==> obj [/nix/store/aafdki1nf49k5vxq6gx2yabiybk2bjmw-gcc-12.2.0/lib/gcc/x86_64-unknown-linux-gnu/12.2.0/crtbegin.o]
    arg [-L/nix/store/1n2l5law9g3b77hcfyp50vrhhssbrj5g-glibc-2.37-8/lib] ==> dir [/nix/store/1n2l5law9g3b77hcfyp50vrhhssbrj5g-glibc-2.37-8/lib]
    arg [-L/nix/store/aafdki1nf49k5vxq6gx2yabiybk2bjmw-gcc-12.2.0/lib/gcc/x86_64-unknown-linux-gnu/12.2.0] ==> dir [/nix/store/aafdki1nf49k5vxq6gx2yabiybk2bjmw-gcc-12.2.0/lib/gcc/x86_64-unknown-linux-gnu/12.2.0]
    arg [-L/nix/store/g012c53brxmb0if3lpmkjwmxk74hjflh-gcc-12.2.0-lib/x86_64-unknown-linux-gnu/lib] ==> dir [/nix/store/g012c53brxmb0if3lpmkjwmxk74hjflh-gcc-12.2.0-lib/x86_64-unknown-linux-gnu/lib]
    arg [-L/nix/store/g012c53brxmb0if3lpmkjwmxk74hjflh-gcc-12.2.0-lib/lib] ==> dir [/nix/store/g012c53brxmb0if3lpmkjwmxk74hjflh-gcc-12.2.0-lib/lib]
    arg [-L/nix/store/1n2l5law9g3b77hcfyp50vrhhssbrj5g-glibc-2.37-8/lib] ==> dir [/nix/store/1n2l5law9g3b77hcfyp50vrhhssbrj5g-glibc-2.37-8/lib]
    arg [-L/nix/store/aafdki1nf49k5vxq6gx2yabiybk2bjmw-gcc-12.2.0/lib/gcc/x86_64-unknown-linux-gnu/12.2.0] ==> dir [/nix/store/aafdki1nf49k5vxq6gx2yabiybk2bjmw-gcc-12.2.0/lib/gcc/x86_64-unknown-linux-gnu/12.2.0]
    arg [-L/nix/store/g012c53brxmb0if3lpmkjwmxk74hjflh-gcc-12.2.0-lib/lib] ==> dir [/nix/store/g012c53brxmb0if3lpmkjwmxk74hjflh-gcc-12.2.0-lib/lib]
    arg [-L/nix/store/nlgyw2fv0cm8rkz8qm1jyw78vyif1bl9-gcc-wrapper-12.2.0/bin] ==> dir [/nix/store/nlgyw2fv0cm8rkz8qm1jyw78vyif1bl9-gcc-wrapper-12.2.0/bin]
    arg [-L/nix/store/aafdki1nf49k5vxq6gx2yabiybk2bjmw-gcc-12.2.0/lib/gcc/x86_64-unknown-linux-gnu/12.2.0] ==> dir [/nix/store/aafdki1nf49k5vxq6gx2yabiybk2bjmw-gcc-12.2.0/lib/gcc/x86_64-unknown-linux-gnu/12.2.0]
    arg [-L/nix/store/aafdki1nf49k5vxq6gx2yabiybk2bjmw-gcc-12.2.0/lib/gcc/x86_64-unknown-linux-gnu/12.2.0/../../../../lib64] ==> dir [/nix/store/aafdki1nf49k5vxq6gx2yabiybk2bjmw-gcc-12.2.0/lib/gcc/x86_64-unknown-linux-gnu/12.2.0/../../../../lib64]
    arg [-L/nix/store/aafdki1nf49k5vxq6gx2yabiybk2bjmw-gcc-12.2.0/lib/gcc/x86_64-unknown-linux-gnu/12.2.0/../../..] ==> dir [/nix/store/aafdki1nf49k5vxq6gx2yabiybk2bjmw-gcc-12.2.0/lib/gcc/x86_64-unknown-linux-gnu/12.2.0/../../..]
    arg [-dynamic-linker=/nix/store/1n2l5law9g3b77hcfyp50vrhhssbrj5g-glibc-2.37-8/lib/ld-linux-x86-64.so.2] ==> ignore
    arg [CMakeFiles/cmTC_57d24.dir/CMakeCCompilerABI.c.o] ==> ignore
    arg [-lgcc] ==> lib [gcc]
    arg [--push-state] ==> ignore
    arg [--as-needed] ==> ignore
    arg [-lgcc_s] ==> lib [gcc_s]
    arg [--pop-state] ==> ignore
    arg [-lc] ==> lib [c]
    arg [-lgcc] ==> lib [gcc]
    arg [--push-state] ==> ignore
    arg [--as-needed] ==> ignore
    arg [-lgcc_s] ==> lib [gcc_s]
    arg [--pop-state] ==> ignore
    arg [/nix/store/aafdki1nf49k5vxq6gx2yabiybk2bjmw-gcc-12.2.0/lib/gcc/x86_64-unknown-linux-gnu/12.2.0/crtend.o] ==> obj [/nix/store/aafdki1nf49k5vxq6gx2yabiybk2bjmw-gcc-12.2.0/lib/gcc/x86_64-unknown-linux-gnu/12.2.0/crtend.o]
    arg [/nix/store/1n2l5law9g3b77hcfyp50vrhhssbrj5g-glibc-2.37-8/lib/crtn.o] ==> obj [/nix/store/1n2l5law9g3b77hcfyp50vrhhssbrj5g-glibc-2.37-8/lib/crtn.o]
  collapse library dir [/nix/store/1n2l5law9g3b77hcfyp50vrhhssbrj5g-glibc-2.37-8/lib] ==> [/nix/store/1n2l5law9g3b77hcfyp50vrhhssbrj5g-glibc-2.37-8/lib]
  collapse library dir [/nix/store/aafdki1nf49k5vxq6gx2yabiybk2bjmw-gcc-12.2.0/lib/gcc/x86_64-unknown-linux-gnu/12.2.0] ==> [/nix/store/aafdki1nf49k5vxq6gx2yabiybk2bjmw-gcc-12.2.0/lib/gcc/x86_64-unknown-linux-gnu/12.2.0]
  collapse library dir [/nix/store/g012c53brxmb0if3lpmkjwmxk74hjflh-gcc-12.2.0-lib/x86_64-unknown-linux-gnu/lib] ==> [/nix/store/g012c53brxmb0if3lpmkjwmxk74hjflh-gcc-12.2.0-lib/x86_64-unknown-linux-gnu/lib]
  collapse library dir [/nix/store/g012c53brxmb0if3lpmkjwmxk74hjflh-gcc-12.2.0-lib/lib] ==> [/nix/store/g012c53brxmb0if3lpmkjwmxk74hjflh-gcc-12.2.0-lib/lib]
  collapse library dir [/nix/store/1n2l5law9g3b77hcfyp50vrhhssbrj5g-glibc-2.37-8/lib] ==> [/nix/store/1n2l5law9g3b77hcfyp50vrhhssbrj5g-glibc-2.37-8/lib]
  collapse library dir [/nix/store/aafdki1nf49k5vxq6gx2yabiybk2bjmw-gcc-12.2.0/lib/gcc/x86_64-unknown-linux-gnu/12.2.0] ==> [/nix/store/aafdki1nf49k5vxq6gx2yabiybk2bjmw-gcc-12.2.0/lib/gcc/x86_64-unknown-linux-gnu/12.2.0]
  collapse library dir [/nix/store/g012c53brxmb0if3lpmkjwmxk74hjflh-gcc-12.2.0-lib/lib] ==> [/nix/store/g012c53brxmb0if3lpmkjwmxk74hjflh-gcc-12.2.0-lib/lib]
  collapse library dir [/nix/store/nlgyw2fv0cm8rkz8qm1jyw78vyif1bl9-gcc-wrapper-12.2.0/bin] ==> [/nix/store/nlgyw2fv0cm8rkz8qm1jyw78vyif1bl9-gcc-wrapper-12.2.0/bin]
  collapse library dir [/nix/store/aafdki1nf49k5vxq6gx2yabiybk2bjmw-gcc-12.2.0/lib/gcc/x86_64-unknown-linux-gnu/12.2.0] ==> [/nix/store/aafdki1nf49k5vxq6gx2yabiybk2bjmw-gcc-12.2.0/lib/gcc/x86_64-unknown-linux-gnu/12.2.0]
  collapse library dir [/nix/store/aafdki1nf49k5vxq6gx2yabiybk2bjmw-gcc-12.2.0/lib/gcc/x86_64-unknown-linux-gnu/12.2.0/../../../../lib64] ==> [/nix/store/aafdki1nf49k5vxq6gx2yabiybk2bjmw-gcc-12.2.0/lib64]
  collapse library dir [/nix/store/aafdki1nf49k5vxq6gx2yabiybk2bjmw-gcc-12.2.0/lib/gcc/x86_64-unknown-linux-gnu/12.2.0/../../..] ==> [/nix/store/aafdki1nf49k5vxq6gx2yabiybk2bjmw-gcc-12.2.0/lib]
  implicit libs: [gcc;gcc_s;c;gcc;gcc_s]
  implicit objs: [/nix/store/1n2l5law9g3b77hcfyp50vrhhssbrj5g-glibc-2.37-8/lib/crt1.o;/nix/store/1n2l5law9g3b77hcfyp50vrhhssbrj5g-glibc-2.37-8/lib/crti.o;/nix/store/aafdki1nf49k5vxq6gx2yabiybk2bjmw-gcc-12.2.0/lib/gcc/x86_64-unknown-linux-gnu/12.2.0/crtbegin.o;/nix/store/aafdki1nf49k5vxq6gx2yabiybk2bjmw-gcc-12.2.0/lib/gcc/x86_64-unknown-linux-gnu/12.2.0/crtend.o;/nix/store/1n2l5law9g3b77hcfyp50vrhhssbrj5g-glibc-2.37-8/lib/crtn.o]
  implicit dirs: [/nix/store/1n2l5law9g3b77hcfyp50vrhhssbrj5g-glibc-2.37-8/lib;/nix/store/aafdki1nf49k5vxq6gx2yabiybk2bjmw-gcc-12.2.0/lib/gcc/x86_64-unknown-linux-gnu/12.2.0;/nix/store/g012c53brxmb0if3lpmkjwmxk74hjflh-gcc-12.2.0-lib/x86_64-unknown-linux-gnu/lib;/nix/store/g012c53brxmb0if3lpmkjwmxk74hjflh-gcc-12.2.0-lib/lib;/nix/store/nlgyw2fv0cm8rkz8qm1jyw78vyif1bl9-gcc-wrapper-12.2.0/bin;/nix/store/aafdki1nf49k5vxq6gx2yabiybk2bjmw-gcc-12.2.0/lib64;/nix/store/aafdki1nf49k5vxq6gx2yabiybk2bjmw-gcc-12.2.0/lib]
  implicit fwks: []


Detecting CXX compiler ABI info compiled with the following output:
Change Dir: /home/tei/Downloads/newAdtTest/cmake-build-debug/CMakeFiles/CMakeScratch/TryCompile-LnuOBY

Run Build Command(s):/nix/store/v9gz813mfd3f5q65gz2wb8w1cayxrfdz-clion-2023.1/clion/bin/ninja/linux/x64/ninja cmTC_82922 && [1/2] Building CXX object CMakeFiles/cmTC_82922.dir/CMakeCXXCompilerABI.cpp.o
Using built-in specs.
COLLECT_GCC=/nix/store/aafdki1nf49k5vxq6gx2yabiybk2bjmw-gcc-12.2.0/bin/g++
Target: x86_64-unknown-linux-gnu
Configured with: 
Thread model: posix
Supported LTO compression algorithms: zlib
gcc version 12.2.0 (GCC) 
COLLECT_GCC_OPTIONS='-fdiagnostics-color=always' '-v' '-o' 'CMakeFiles/cmTC_82922.dir/CMakeCXXCompilerABI.cpp.o' '-c' '-B' '/nix/store/1n2l5law9g3b77hcfyp50vrhhssbrj5g-glibc-2.37-8/lib/' '-idirafter' '/nix/store/wb2dlc8kpvrn960vq7j7c8822pi43n48-glibc-2.37-8-dev/include' '-idirafter' '/nix/store/aafdki1nf49k5vxq6gx2yabiybk2bjmw-gcc-12.2.0/lib/gcc/x86_64-unknown-linux-gnu/12.2.0/include-fixed' '-B' '/nix/store/aafdki1nf49k5vxq6gx2yabiybk2bjmw-gcc-12.2.0/lib/gcc/x86_64-unknown-linux-gnu/12.2.0' '-B' '/nix/store/g012c53brxmb0if3lpmkjwmxk74hjflh-gcc-12.2.0-lib/lib' '-B' '/nix/store/nlgyw2fv0cm8rkz8qm1jyw78vyif1bl9-gcc-wrapper-12.2.0/bin/' '-isystem' '/nix/store/aafdki1nf49k5vxq6gx2yabiybk2bjmw-gcc-12.2.0/include/c++/12.2.0' '-isystem' '/nix/store/aafdki1nf49k5vxq6gx2yabiybk2bjmw-gcc-12.2.0/include/c++/12.2.0/x86_64-unknown-linux-gnu' '-shared-libgcc' '-mtune=generic' '-march=x86-64' '-dumpdir' 'CMakeFiles/cmTC_82922.dir/'
 /nix/store/aafdki1nf49k5vxq6gx2yabiybk2bjmw-gcc-12.2.0/libexec/gcc/x86_64-unknown-linux-gnu/12.2.0/cc1plus -quiet -v -isystem /nix/store/aafdki1nf49k5vxq6gx2yabiybk2bjmw-gcc-12.2.0/lib/gcc/x86_64-unknown-linux-gnu/12.2.0/include -isystem /nix/store/aafdki1nf49k5vxq6gx2yabiybk2bjmw-gcc-12.2.0/lib/gcc/x86_64-unknown-linux-gnu/12.2.0/include-fixed -D_GNU_SOURCE -idirafter /nix/store/wb2dlc8kpvrn960vq7j7c8822pi43n48-glibc-2.37-8-dev/include -idirafter /nix/store/aafdki1nf49k5vxq6gx2yabiybk2bjmw-gcc-12.2.0/lib/gcc/x86_64-unknown-linux-gnu/12.2.0/include-fixed -isystem /nix/store/aafdki1nf49k5vxq6gx2yabiybk2bjmw-gcc-12.2.0/include/c++/12.2.0 -isystem /nix/store/aafdki1nf49k5vxq6gx2yabiybk2bjmw-gcc-12.2.0/include/c++/12.2.0/x86_64-unknown-linux-gnu /nix/store/9d67jcm1wj09wqgffh8v5mkgil9psnrw-cmake-3.25.3/share/cmake-3.25/Modules/CMakeCXXCompilerABI.cpp -quiet -dumpdir CMakeFiles/cmTC_82922.dir/ -dumpbase CMakeCXXCompilerABI.cpp.cpp -dumpbase-ext .cpp -mtune=generic -march=x86-64 -version -fdiagnostics-color=always -o /tmp/ccA67kFx.s
GNU C++17 (GCC) version 12.2.0 (x86_64-unknown-linux-gnu)
	compiled by GNU C version 12.2.0, GMP version 6.2.1, MPFR version 4.2.0, MPC version 1.3.1, isl version isl-0.20-GMP

GGC heuristics: --param ggc-min-expand=100 --param ggc-min-heapsize=131072
ignoring duplicate directory "/nix/store/aafdki1nf49k5vxq6gx2yabiybk2bjmw-gcc-12.2.0/lib/gcc/x86_64-unknown-linux-gnu/12.2.0/../../../../include/c++/12.2.0"
ignoring duplicate directory "/nix/store/aafdki1nf49k5vxq6gx2yabiybk2bjmw-gcc-12.2.0/lib/gcc/x86_64-unknown-linux-gnu/12.2.0/../../../../include/c++/12.2.0/x86_64-unknown-linux-gnu"
ignoring duplicate directory "/nix/store/aafdki1nf49k5vxq6gx2yabiybk2bjmw-gcc-12.2.0/lib/gcc/x86_64-unknown-linux-gnu/12.2.0/include"
ignoring duplicate directory "/nix/store/aafdki1nf49k5vxq6gx2yabiybk2bjmw-gcc-12.2.0/lib/gcc/x86_64-unknown-linux-gnu/12.2.0/include-fixed"
ignoring nonexistent directory "/nix/store/aafdki1nf49k5vxq6gx2yabiybk2bjmw-gcc-12.2.0/lib/gcc/x86_64-unknown-linux-gnu/12.2.0/../../../../x86_64-unknown-linux-gnu/include"
ignoring duplicate directory "/nix/store/wb2dlc8kpvrn960vq7j7c8822pi43n48-glibc-2.37-8-dev/include"
ignoring duplicate directory "/nix/store/aafdki1nf49k5vxq6gx2yabiybk2bjmw-gcc-12.2.0/lib/gcc/x86_64-unknown-linux-gnu/12.2.0/include-fixed"
#include "..." search starts here:
#include <...> search starts here:
 /nix/store/aafdki1nf49k5vxq6gx2yabiybk2bjmw-gcc-12.2.0/lib/gcc/x86_64-unknown-linux-gnu/12.2.0/include
 /nix/store/aafdki1nf49k5vxq6gx2yabiybk2bjmw-gcc-12.2.0/lib/gcc/x86_64-unknown-linux-gnu/12.2.0/include-fixed
 /nix/store/aafdki1nf49k5vxq6gx2yabiybk2bjmw-gcc-12.2.0/include/c++/12.2.0
 /nix/store/aafdki1nf49k5vxq6gx2yabiybk2bjmw-gcc-12.2.0/include/c++/12.2.0/x86_64-unknown-linux-gnu
 /nix/store/aafdki1nf49k5vxq6gx2yabiybk2bjmw-gcc-12.2.0/lib/gcc/x86_64-unknown-linux-gnu/12.2.0/../../../../include/c++/12.2.0/backward
 /nix/store/aafdki1nf49k5vxq6gx2yabiybk2bjmw-gcc-12.2.0/include
 /nix/store/wb2dlc8kpvrn960vq7j7c8822pi43n48-glibc-2.37-8-dev/include
End of search list.
GNU C++17 (GCC) version 12.2.0 (x86_64-unknown-linux-gnu)
	compiled by GNU C version 12.2.0, GMP version 6.2.1, MPFR version 4.2.0, MPC version 1.3.1, isl version isl-0.20-GMP

GGC heuristics: --param ggc-min-expand=100 --param ggc-min-heapsize=131072
Compiler executable checksum: ee255bc3f8453f2b5d9cf42e25472a29
COLLECT_GCC_OPTIONS='-fdiagnostics-color=always' '-v' '-o' 'CMakeFiles/cmTC_82922.dir/CMakeCXXCompilerABI.cpp.o' '-c' '-B' '/nix/store/1n2l5law9g3b77hcfyp50vrhhssbrj5g-glibc-2.37-8/lib/' '-idirafter' '/nix/store/wb2dlc8kpvrn960vq7j7c8822pi43n48-glibc-2.37-8-dev/include' '-idirafter' '/nix/store/aafdki1nf49k5vxq6gx2yabiybk2bjmw-gcc-12.2.0/lib/gcc/x86_64-unknown-linux-gnu/12.2.0/include-fixed' '-B' '/nix/store/aafdki1nf49k5vxq6gx2yabiybk2bjmw-gcc-12.2.0/lib/gcc/x86_64-unknown-linux-gnu/12.2.0' '-B' '/nix/store/g012c53brxmb0if3lpmkjwmxk74hjflh-gcc-12.2.0-lib/lib' '-B' '/nix/store/nlgyw2fv0cm8rkz8qm1jyw78vyif1bl9-gcc-wrapper-12.2.0/bin/' '-isystem' '/nix/store/aafdki1nf49k5vxq6gx2yabiybk2bjmw-gcc-12.2.0/include/c++/12.2.0' '-isystem' '/nix/store/aafdki1nf49k5vxq6gx2yabiybk2bjmw-gcc-12.2.0/include/c++/12.2.0/x86_64-unknown-linux-gnu' '-shared-libgcc' '-mtune=generic' '-march=x86-64' '-dumpdir' 'CMakeFiles/cmTC_82922.dir/'
 /nix/store/nlgyw2fv0cm8rkz8qm1jyw78vyif1bl9-gcc-wrapper-12.2.0/bin/as -v --64 -o CMakeFiles/cmTC_82922.dir/CMakeCXXCompilerABI.cpp.o /tmp/ccA67kFx.s
GNU assembler version 2.40 (x86_64-unknown-linux-gnu) using BFD version (GNU Binutils) 2.40
COMPILER_PATH=/nix/store/1n2l5law9g3b77hcfyp50vrhhssbrj5g-glibc-2.37-8/lib/:/nix/store/aafdki1nf49k5vxq6gx2yabiybk2bjmw-gcc-12.2.0/lib/gcc/x86_64-unknown-linux-gnu/12.2.0/:/nix/store/g012c53brxmb0if3lpmkjwmxk74hjflh-gcc-12.2.0-lib/lib/:/nix/store/nlgyw2fv0cm8rkz8qm1jyw78vyif1bl9-gcc-wrapper-12.2.0/bin/:/nix/store/aafdki1nf49k5vxq6gx2yabiybk2bjmw-gcc-12.2.0/libexec/gcc/x86_64-unknown-linux-gnu/12.2.0/:/nix/store/aafdki1nf49k5vxq6gx2yabiybk2bjmw-gcc-12.2.0/libexec/gcc/x86_64-unknown-linux-gnu/12.2.0/:/nix/store/aafdki1nf49k5vxq6gx2yabiybk2bjmw-gcc-12.2.0/libexec/gcc/x86_64-unknown-linux-gnu/:/nix/store/aafdki1nf49k5vxq6gx2yabiybk2bjmw-gcc-12.2.0/lib/gcc/x86_64-unknown-linux-gnu/12.2.0/:/nix/store/aafdki1nf49k5vxq6gx2yabiybk2bjmw-gcc-12.2.0/lib/gcc/x86_64-unknown-linux-gnu/
LIBRARY_PATH=/nix/store/1n2l5law9g3b77hcfyp50vrhhssbrj5g-glibc-2.37-8/lib/:/nix/store/aafdki1nf49k5vxq6gx2yabiybk2bjmw-gcc-12.2.0/lib/gcc/x86_64-unknown-linux-gnu/12.2.0/:/nix/store/g012c53brxmb0if3lpmkjwmxk74hjflh-gcc-12.2.0-lib/lib/:/nix/store/nlgyw2fv0cm8rkz8qm1jyw78vyif1bl9-gcc-wrapper-12.2.0/bin/:/nix/store/aafdki1nf49k5vxq6gx2yabiybk2bjmw-gcc-12.2.0/lib/gcc/x86_64-unknown-linux-gnu/12.2.0/:/nix/store/aafdki1nf49k5vxq6gx2yabiybk2bjmw-gcc-12.2.0/lib/gcc/x86_64-unknown-linux-gnu/12.2.0/../../../../lib64/:/nix/store/aafdki1nf49k5vxq6gx2yabiybk2bjmw-gcc-12.2.0/lib/gcc/x86_64-unknown-linux-gnu/12.2.0/../../../
COLLECT_GCC_OPTIONS='-fdiagnostics-color=always' '-v' '-o' 'CMakeFiles/cmTC_82922.dir/CMakeCXXCompilerABI.cpp.o' '-c' '-B' '/nix/store/1n2l5law9g3b77hcfyp50vrhhssbrj5g-glibc-2.37-8/lib/' '-idirafter' '/nix/store/wb2dlc8kpvrn960vq7j7c8822pi43n48-glibc-2.37-8-dev/include' '-idirafter' '/nix/store/aafdki1nf49k5vxq6gx2yabiybk2bjmw-gcc-12.2.0/lib/gcc/x86_64-unknown-linux-gnu/12.2.0/include-fixed' '-B' '/nix/store/aafdki1nf49k5vxq6gx2yabiybk2bjmw-gcc-12.2.0/lib/gcc/x86_64-unknown-linux-gnu/12.2.0' '-B' '/nix/store/g012c53brxmb0if3lpmkjwmxk74hjflh-gcc-12.2.0-lib/lib' '-B' '/nix/store/nlgyw2fv0cm8rkz8qm1jyw78vyif1bl9-gcc-wrapper-12.2.0/bin/' '-isystem' '/nix/store/aafdki1nf49k5vxq6gx2yabiybk2bjmw-gcc-12.2.0/include/c++/12.2.0' '-isystem' '/nix/store/aafdki1nf49k5vxq6gx2yabiybk2bjmw-gcc-12.2.0/include/c++/12.2.0/x86_64-unknown-linux-gnu' '-shared-libgcc' '-mtune=generic' '-march=x86-64' '-dumpdir' 'CMakeFiles/cmTC_82922.dir/CMakeCXXCompilerABI.cpp.'
[2/2] Linking CXX executable cmTC_82922
Using built-in specs.
COLLECT_GCC=/nix/store/aafdki1nf49k5vxq6gx2yabiybk2bjmw-gcc-12.2.0/bin/g++
COLLECT_LTO_WRAPPER=/nix/store/aafdki1nf49k5vxq6gx2yabiybk2bjmw-gcc-12.2.0/libexec/gcc/x86_64-unknown-linux-gnu/12.2.0/lto-wrapper
Target: x86_64-unknown-linux-gnu
Configured with: 
Thread model: posix
Supported LTO compression algorithms: zlib
gcc version 12.2.0 (GCC) 
COMPILER_PATH=/nix/store/1n2l5law9g3b77hcfyp50vrhhssbrj5g-glibc-2.37-8/lib/:/nix/store/aafdki1nf49k5vxq6gx2yabiybk2bjmw-gcc-12.2.0/lib/gcc/x86_64-unknown-linux-gnu/12.2.0/:/nix/store/g012c53brxmb0if3lpmkjwmxk74hjflh-gcc-12.2.0-lib/lib/:/nix/store/nlgyw2fv0cm8rkz8qm1jyw78vyif1bl9-gcc-wrapper-12.2.0/bin/:/nix/store/aafdki1nf49k5vxq6gx2yabiybk2bjmw-gcc-12.2.0/libexec/gcc/x86_64-unknown-linux-gnu/12.2.0/:/nix/store/aafdki1nf49k5vxq6gx2yabiybk2bjmw-gcc-12.2.0/libexec/gcc/x86_64-unknown-linux-gnu/12.2.0/:/nix/store/aafdki1nf49k5vxq6gx2yabiybk2bjmw-gcc-12.2.0/libexec/gcc/x86_64-unknown-linux-gnu/:/nix/store/aafdki1nf49k5vxq6gx2yabiybk2bjmw-gcc-12.2.0/lib/gcc/x86_64-unknown-linux-gnu/12.2.0/:/nix/store/aafdki1nf49k5vxq6gx2yabiybk2bjmw-gcc-12.2.0/lib/gcc/x86_64-unknown-linux-gnu/
LIBRARY_PATH=/nix/store/1n2l5law9g3b77hcfyp50vrhhssbrj5g-glibc-2.37-8/lib/:/nix/store/aafdki1nf49k5vxq6gx2yabiybk2bjmw-gcc-12.2.0/lib/gcc/x86_64-unknown-linux-gnu/12.2.0/:/nix/store/g012c53brxmb0if3lpmkjwmxk74hjflh-gcc-12.2.0-lib/lib/:/nix/store/nlgyw2fv0cm8rkz8qm1jyw78vyif1bl9-gcc-wrapper-12.2.0/bin/:/nix/store/aafdki1nf49k5vxq6gx2yabiybk2bjmw-gcc-12.2.0/lib/gcc/x86_64-unknown-linux-gnu/12.2.0/:/nix/store/aafdki1nf49k5vxq6gx2yabiybk2bjmw-gcc-12.2.0/lib/gcc/x86_64-unknown-linux-gnu/12.2.0/../../../../lib64/:/nix/store/aafdki1nf49k5vxq6gx2yabiybk2bjmw-gcc-12.2.0/lib/gcc/x86_64-unknown-linux-gnu/12.2.0/../../../
COLLECT_GCC_OPTIONS='-v' '-o' 'cmTC_82922' '-B' '/nix/store/1n2l5law9g3b77hcfyp50vrhhssbrj5g-glibc-2.37-8/lib/' '-idirafter' '/nix/store/wb2dlc8kpvrn960vq7j7c8822pi43n48-glibc-2.37-8-dev/include' '-idirafter' '/nix/store/aafdki1nf49k5vxq6gx2yabiybk2bjmw-gcc-12.2.0/lib/gcc/x86_64-unknown-linux-gnu/12.2.0/include-fixed' '-B' '/nix/store/aafdki1nf49k5vxq6gx2yabiybk2bjmw-gcc-12.2.0/lib/gcc/x86_64-unknown-linux-gnu/12.2.0' '-B' '/nix/store/g012c53brxmb0if3lpmkjwmxk74hjflh-gcc-12.2.0-lib/lib' '-B' '/nix/store/nlgyw2fv0cm8rkz8qm1jyw78vyif1bl9-gcc-wrapper-12.2.0/bin/' '-isystem' '/nix/store/aafdki1nf49k5vxq6gx2yabiybk2bjmw-gcc-12.2.0/include/c++/12.2.0' '-isystem' '/nix/store/aafdki1nf49k5vxq6gx2yabiybk2bjmw-gcc-12.2.0/include/c++/12.2.0/x86_64-unknown-linux-gnu' '-L/nix/store/1n2l5law9g3b77hcfyp50vrhhssbrj5g-glibc-2.37-8/lib' '-L/nix/store/aafdki1nf49k5vxq6gx2yabiybk2bjmw-gcc-12.2.0/lib/gcc/x86_64-unknown-linux-gnu/12.2.0' '-L/nix/store/g012c53brxmb0if3lpmkjwmxk74hjflh-gcc-12.2.0-lib/x86_64-unknown-linux-gnu/lib' '-L/nix/store/g012c53brxmb0if3lpmkjwmxk74hjflh-gcc-12.2.0-lib/lib' '-shared-libgcc' '-mtune=generic' '-march=x86-64' '-dumpdir' 'cmTC_82922.'
 /nix/store/aafdki1nf49k5vxq6gx2yabiybk2bjmw-gcc-12.2.0/libexec/gcc/x86_64-unknown-linux-gnu/12.2.0/collect2 -plugin /nix/store/aafdki1nf49k5vxq6gx2yabiybk2bjmw-gcc-12.2.0/libexec/gcc/x86_64-unknown-linux-gnu/12.2.0/liblto_plugin.so -plugin-opt=/nix/store/aafdki1nf49k5vxq6gx2yabiybk2bjmw-gcc-12.2.0/libexec/gcc/x86_64-unknown-linux-gnu/12.2.0/lto-wrapper -plugin-opt=-fresolution=/tmp/ccOWbILg.res -plugin-opt=-pass-through=-lgcc_s -plugin-opt=-pass-through=-lgcc -plugin-opt=-pass-through=-lc -plugin-opt=-pass-through=-lgcc_s -plugin-opt=-pass-through=-lgcc --eh-frame-hdr -m elf_x86_64 -dynamic-linker /nix/store/1n2l5law9g3b77hcfyp50vrhhssbrj5g-glibc-2.37-8/lib64/ld-linux-x86-64.so.2 -o cmTC_82922 /nix/store/1n2l5law9g3b77hcfyp50vrhhssbrj5g-glibc-2.37-8/lib/crt1.o /nix/store/1n2l5law9g3b77hcfyp50vrhhssbrj5g-glibc-2.37-8/lib/crti.o /nix/store/aafdki1nf49k5vxq6gx2yabiybk2bjmw-gcc-12.2.0/lib/gcc/x86_64-unknown-linux-gnu/12.2.0/crtbegin.o -L/nix/store/1n2l5law9g3b77hcfyp50vrhhssbrj5g-glibc-2.37-8/lib -L/nix/store/aafdki1nf49k5vxq6gx2yabiybk2bjmw-gcc-12.2.0/lib/gcc/x86_64-unknown-linux-gnu/12.2.0 -L/nix/store/g012c53brxmb0if3lpmkjwmxk74hjflh-gcc-12.2.0-lib/x86_64-unknown-linux-gnu/lib -L/nix/store/g012c53brxmb0if3lpmkjwmxk74hjflh-gcc-12.2.0-lib/lib -L/nix/store/1n2l5law9g3b77hcfyp50vrhhssbrj5g-glibc-2.37-8/lib -L/nix/store/aafdki1nf49k5vxq6gx2yabiybk2bjmw-gcc-12.2.0/lib/gcc/x86_64-unknown-linux-gnu/12.2.0 -L/nix/store/g012c53brxmb0if3lpmkjwmxk74hjflh-gcc-12.2.0-lib/lib -L/nix/store/nlgyw2fv0cm8rkz8qm1jyw78vyif1bl9-gcc-wrapper-12.2.0/bin -L/nix/store/aafdki1nf49k5vxq6gx2yabiybk2bjmw-gcc-12.2.0/lib/gcc/x86_64-unknown-linux-gnu/12.2.0 -L/nix/store/aafdki1nf49k5vxq6gx2yabiybk2bjmw-gcc-12.2.0/lib/gcc/x86_64-unknown-linux-gnu/12.2.0/../../../../lib64 -L/nix/store/aafdki1nf49k5vxq6gx2yabiybk2bjmw-gcc-12.2.0/lib/gcc/x86_64-unknown-linux-gnu/12.2.0/../../.. -dynamic-linker=/nix/store/1n2l5law9g3b77hcfyp50vrhhssbrj5g-glibc-2.37-8/lib/ld-linux-x86-64.so.2 CMakeFiles/cmTC_82922.dir/CMakeCXXCompilerABI.cpp.o -lstdc++ -lm -lgcc_s -lgcc -lc -lgcc_s -lgcc /nix/store/aafdki1nf49k5vxq6gx2yabiybk2bjmw-gcc-12.2.0/lib/gcc/x86_64-unknown-linux-gnu/12.2.0/crtend.o /nix/store/1n2l5law9g3b77hcfyp50vrhhssbrj5g-glibc-2.37-8/lib/crtn.o
COLLECT_GCC_OPTIONS='-v' '-o' 'cmTC_82922' '-B' '/nix/store/1n2l5law9g3b77hcfyp50vrhhssbrj5g-glibc-2.37-8/lib/' '-idirafter' '/nix/store/wb2dlc8kpvrn960vq7j7c8822pi43n48-glibc-2.37-8-dev/include' '-idirafter' '/nix/store/aafdki1nf49k5vxq6gx2yabiybk2bjmw-gcc-12.2.0/lib/gcc/x86_64-unknown-linux-gnu/12.2.0/include-fixed' '-B' '/nix/store/aafdki1nf49k5vxq6gx2yabiybk2bjmw-gcc-12.2.0/lib/gcc/x86_64-unknown-linux-gnu/12.2.0' '-B' '/nix/store/g012c53brxmb0if3lpmkjwmxk74hjflh-gcc-12.2.0-lib/lib' '-B' '/nix/store/nlgyw2fv0cm8rkz8qm1jyw78vyif1bl9-gcc-wrapper-12.2.0/bin/' '-isystem' '/nix/store/aafdki1nf49k5vxq6gx2yabiybk2bjmw-gcc-12.2.0/include/c++/12.2.0' '-isystem' '/nix/store/aafdki1nf49k5vxq6gx2yabiybk2bjmw-gcc-12.2.0/include/c++/12.2.0/x86_64-unknown-linux-gnu' '-L/nix/store/1n2l5law9g3b77hcfyp50vrhhssbrj5g-glibc-2.37-8/lib' '-L/nix/store/aafdki1nf49k5vxq6gx2yabiybk2bjmw-gcc-12.2.0/lib/gcc/x86_64-unknown-linux-gnu/12.2.0' '-L/nix/store/g012c53brxmb0if3lpmkjwmxk74hjflh-gcc-12.2.0-lib/x86_64-unknown-linux-gnu/lib' '-L/nix/store/g012c53brxmb0if3lpmkjwmxk74hjflh-gcc-12.2.0-lib/lib' '-shared-libgcc' '-mtune=generic' '-march=x86-64' '-dumpdir' 'cmTC_82922.'



Parsed CXX implicit include dir info from above output: rv=done
  found start of include info
  found start of implicit include info
    add: [/nix/store/aafdki1nf49k5vxq6gx2yabiybk2bjmw-gcc-12.2.0/lib/gcc/x86_64-unknown-linux-gnu/12.2.0/include]
    add: [/nix/store/aafdki1nf49k5vxq6gx2yabiybk2bjmw-gcc-12.2.0/lib/gcc/x86_64-unknown-linux-gnu/12.2.0/include-fixed]
    add: [/nix/store/aafdki1nf49k5vxq6gx2yabiybk2bjmw-gcc-12.2.0/include/c++/12.2.0]
    add: [/nix/store/aafdki1nf49k5vxq6gx2yabiybk2bjmw-gcc-12.2.0/include/c++/12.2.0/x86_64-unknown-linux-gnu]
    add: [/nix/store/aafdki1nf49k5vxq6gx2yabiybk2bjmw-gcc-12.2.0/lib/gcc/x86_64-unknown-linux-gnu/12.2.0/../../../../include/c++/12.2.0/backward]
    add: [/nix/store/aafdki1nf49k5vxq6gx2yabiybk2bjmw-gcc-12.2.0/include]
    add: [/nix/store/wb2dlc8kpvrn960vq7j7c8822pi43n48-glibc-2.37-8-dev/include]
  end of search list found
  collapse include dir [/nix/store/aafdki1nf49k5vxq6gx2yabiybk2bjmw-gcc-12.2.0/lib/gcc/x86_64-unknown-linux-gnu/12.2.0/include] ==> [/nix/store/aafdki1nf49k5vxq6gx2yabiybk2bjmw-gcc-12.2.0/lib/gcc/x86_64-unknown-linux-gnu/12.2.0/include]
  collapse include dir [/nix/store/aafdki1nf49k5vxq6gx2yabiybk2bjmw-gcc-12.2.0/lib/gcc/x86_64-unknown-linux-gnu/12.2.0/include-fixed] ==> [/nix/store/aafdki1nf49k5vxq6gx2yabiybk2bjmw-gcc-12.2.0/lib/gcc/x86_64-unknown-linux-gnu/12.2.0/include-fixed]
  collapse include dir [/nix/store/aafdki1nf49k5vxq6gx2yabiybk2bjmw-gcc-12.2.0/include/c++/12.2.0] ==> [/nix/store/aafdki1nf49k5vxq6gx2yabiybk2bjmw-gcc-12.2.0/include/c++/12.2.0]
  collapse include dir [/nix/store/aafdki1nf49k5vxq6gx2yabiybk2bjmw-gcc-12.2.0/include/c++/12.2.0/x86_64-unknown-linux-gnu] ==> [/nix/store/aafdki1nf49k5vxq6gx2yabiybk2bjmw-gcc-12.2.0/include/c++/12.2.0/x86_64-unknown-linux-gnu]
  collapse include dir [/nix/store/aafdki1nf49k5vxq6gx2yabiybk2bjmw-gcc-12.2.0/lib/gcc/x86_64-unknown-linux-gnu/12.2.0/../../../../include/c++/12.2.0/backward] ==> [/nix/store/aafdki1nf49k5vxq6gx2yabiybk2bjmw-gcc-12.2.0/include/c++/12.2.0/backward]
  collapse include dir [/nix/store/aafdki1nf49k5vxq6gx2yabiybk2bjmw-gcc-12.2.0/include] ==> [/nix/store/aafdki1nf49k5vxq6gx2yabiybk2bjmw-gcc-12.2.0/include]
  collapse include dir [/nix/store/wb2dlc8kpvrn960vq7j7c8822pi43n48-glibc-2.37-8-dev/include] ==> [/nix/store/wb2dlc8kpvrn960vq7j7c8822pi43n48-glibc-2.37-8-dev/include]
  implicit include dirs: [/nix/store/aafdki1nf49k5vxq6gx2yabiybk2bjmw-gcc-12.2.0/lib/gcc/x86_64-unknown-linux-gnu/12.2.0/include;/nix/store/aafdki1nf49k5vxq6gx2yabiybk2bjmw-gcc-12.2.0/lib/gcc/x86_64-unknown-linux-gnu/12.2.0/include-fixed;/nix/store/aafdki1nf49k5vxq6gx2yabiybk2bjmw-gcc-12.2.0/include/c++/12.2.0;/nix/store/aafdki1nf49k5vxq6gx2yabiybk2bjmw-gcc-12.2.0/include/c++/12.2.0/x86_64-unknown-linux-gnu;/nix/store/aafdki1nf49k5vxq6gx2yabiybk2bjmw-gcc-12.2.0/include/c++/12.2.0/backward;/nix/store/aafdki1nf49k5vxq6gx2yabiybk2bjmw-gcc-12.2.0/include;/nix/store/wb2dlc8kpvrn960vq7j7c8822pi43n48-glibc-2.37-8-dev/include]


Parsed CXX implicit link information from above output:
  link line regex: [^( *|.*[/\])(ld|CMAKE_LINK_STARTFILE-NOTFOUND|([^/\]+-)?ld|collect2)[^/\]*( |$)]
  ignore line: [Change Dir: /home/tei/Downloads/newAdtTest/cmake-build-debug/CMakeFiles/CMakeScratch/TryCompile-LnuOBY]
  ignore line: []
  ignore line: [Run Build Command(s):/nix/store/v9gz813mfd3f5q65gz2wb8w1cayxrfdz-clion-2023.1/clion/bin/ninja/linux/x64/ninja cmTC_82922 && [1/2] Building CXX object CMakeFiles/cmTC_82922.dir/CMakeCXXCompilerABI.cpp.o]
  ignore line: [Using built-in specs.]
  ignore line: [COLLECT_GCC=/nix/store/aafdki1nf49k5vxq6gx2yabiybk2bjmw-gcc-12.2.0/bin/g++]
  ignore line: [Target: x86_64-unknown-linux-gnu]
  ignore line: [Configured with: ]
  ignore line: [Thread model: posix]
  ignore line: [Supported LTO compression algorithms: zlib]
  ignore line: [gcc version 12.2.0 (GCC) ]
  ignore line: [COLLECT_GCC_OPTIONS='-fdiagnostics-color=always' '-v' '-o' 'CMakeFiles/cmTC_82922.dir/CMakeCXXCompilerABI.cpp.o' '-c' '-B' '/nix/store/1n2l5law9g3b77hcfyp50vrhhssbrj5g-glibc-2.37-8/lib/' '-idirafter' '/nix/store/wb2dlc8kpvrn960vq7j7c8822pi43n48-glibc-2.37-8-dev/include' '-idirafter' '/nix/store/aafdki1nf49k5vxq6gx2yabiybk2bjmw-gcc-12.2.0/lib/gcc/x86_64-unknown-linux-gnu/12.2.0/include-fixed' '-B' '/nix/store/aafdki1nf49k5vxq6gx2yabiybk2bjmw-gcc-12.2.0/lib/gcc/x86_64-unknown-linux-gnu/12.2.0' '-B' '/nix/store/g012c53brxmb0if3lpmkjwmxk74hjflh-gcc-12.2.0-lib/lib' '-B' '/nix/store/nlgyw2fv0cm8rkz8qm1jyw78vyif1bl9-gcc-wrapper-12.2.0/bin/' '-isystem' '/nix/store/aafdki1nf49k5vxq6gx2yabiybk2bjmw-gcc-12.2.0/include/c++/12.2.0' '-isystem' '/nix/store/aafdki1nf49k5vxq6gx2yabiybk2bjmw-gcc-12.2.0/include/c++/12.2.0/x86_64-unknown-linux-gnu' '-shared-libgcc' '-mtune=generic' '-march=x86-64' '-dumpdir' 'CMakeFiles/cmTC_82922.dir/']
  ignore line: [ /nix/store/aafdki1nf49k5vxq6gx2yabiybk2bjmw-gcc-12.2.0/libexec/gcc/x86_64-unknown-linux-gnu/12.2.0/cc1plus -quiet -v -isystem /nix/store/aafdki1nf49k5vxq6gx2yabiybk2bjmw-gcc-12.2.0/lib/gcc/x86_64-unknown-linux-gnu/12.2.0/include -isystem /nix/store/aafdki1nf49k5vxq6gx2yabiybk2bjmw-gcc-12.2.0/lib/gcc/x86_64-unknown-linux-gnu/12.2.0/include-fixed -D_GNU_SOURCE -idirafter /nix/store/wb2dlc8kpvrn960vq7j7c8822pi43n48-glibc-2.37-8-dev/include -idirafter /nix/store/aafdki1nf49k5vxq6gx2yabiybk2bjmw-gcc-12.2.0/lib/gcc/x86_64-unknown-linux-gnu/12.2.0/include-fixed -isystem /nix/store/aafdki1nf49k5vxq6gx2yabiybk2bjmw-gcc-12.2.0/include/c++/12.2.0 -isystem /nix/store/aafdki1nf49k5vxq6gx2yabiybk2bjmw-gcc-12.2.0/include/c++/12.2.0/x86_64-unknown-linux-gnu /nix/store/9d67jcm1wj09wqgffh8v5mkgil9psnrw-cmake-3.25.3/share/cmake-3.25/Modules/CMakeCXXCompilerABI.cpp -quiet -dumpdir CMakeFiles/cmTC_82922.dir/ -dumpbase CMakeCXXCompilerABI.cpp.cpp -dumpbase-ext .cpp -mtune=generic -march=x86-64 -version -fdiagnostics-color=always -o /tmp/ccA67kFx.s]
  ignore line: [GNU C++17 (GCC) version 12.2.0 (x86_64-unknown-linux-gnu)]
  ignore line: [	compiled by GNU C version 12.2.0  GMP version 6.2.1  MPFR version 4.2.0  MPC version 1.3.1  isl version isl-0.20-GMP]
  ignore line: []
  ignore line: [GGC heuristics: --param ggc-min-expand=100 --param ggc-min-heapsize=131072]
  ignore line: [ignoring duplicate directory "/nix/store/aafdki1nf49k5vxq6gx2yabiybk2bjmw-gcc-12.2.0/lib/gcc/x86_64-unknown-linux-gnu/12.2.0/../../../../include/c++/12.2.0"]
  ignore line: [ignoring duplicate directory "/nix/store/aafdki1nf49k5vxq6gx2yabiybk2bjmw-gcc-12.2.0/lib/gcc/x86_64-unknown-linux-gnu/12.2.0/../../../../include/c++/12.2.0/x86_64-unknown-linux-gnu"]
  ignore line: [ignoring duplicate directory "/nix/store/aafdki1nf49k5vxq6gx2yabiybk2bjmw-gcc-12.2.0/lib/gcc/x86_64-unknown-linux-gnu/12.2.0/include"]
  ignore line: [ignoring duplicate directory "/nix/store/aafdki1nf49k5vxq6gx2yabiybk2bjmw-gcc-12.2.0/lib/gcc/x86_64-unknown-linux-gnu/12.2.0/include-fixed"]
  ignore line: [ignoring nonexistent directory "/nix/store/aafdki1nf49k5vxq6gx2yabiybk2bjmw-gcc-12.2.0/lib/gcc/x86_64-unknown-linux-gnu/12.2.0/../../../../x86_64-unknown-linux-gnu/include"]
  ignore line: [ignoring duplicate directory "/nix/store/wb2dlc8kpvrn960vq7j7c8822pi43n48-glibc-2.37-8-dev/include"]
  ignore line: [ignoring duplicate directory "/nix/store/aafdki1nf49k5vxq6gx2yabiybk2bjmw-gcc-12.2.0/lib/gcc/x86_64-unknown-linux-gnu/12.2.0/include-fixed"]
  ignore line: [#include "..." search starts here:]
  ignore line: [#include <...> search starts here:]
  ignore line: [ /nix/store/aafdki1nf49k5vxq6gx2yabiybk2bjmw-gcc-12.2.0/lib/gcc/x86_64-unknown-linux-gnu/12.2.0/include]
  ignore line: [ /nix/store/aafdki1nf49k5vxq6gx2yabiybk2bjmw-gcc-12.2.0/lib/gcc/x86_64-unknown-linux-gnu/12.2.0/include-fixed]
  ignore line: [ /nix/store/aafdki1nf49k5vxq6gx2yabiybk2bjmw-gcc-12.2.0/include/c++/12.2.0]
  ignore line: [ /nix/store/aafdki1nf49k5vxq6gx2yabiybk2bjmw-gcc-12.2.0/include/c++/12.2.0/x86_64-unknown-linux-gnu]
  ignore line: [ /nix/store/aafdki1nf49k5vxq6gx2yabiybk2bjmw-gcc-12.2.0/lib/gcc/x86_64-unknown-linux-gnu/12.2.0/../../../../include/c++/12.2.0/backward]
  ignore line: [ /nix/store/aafdki1nf49k5vxq6gx2yabiybk2bjmw-gcc-12.2.0/include]
  ignore line: [ /nix/store/wb2dlc8kpvrn960vq7j7c8822pi43n48-glibc-2.37-8-dev/include]
  ignore line: [End of search list.]
  ignore line: [GNU C++17 (GCC) version 12.2.0 (x86_64-unknown-linux-gnu)]
  ignore line: [	compiled by GNU C version 12.2.0  GMP version 6.2.1  MPFR version 4.2.0  MPC version 1.3.1  isl version isl-0.20-GMP]
  ignore line: []
  ignore line: [GGC heuristics: --param ggc-min-expand=100 --param ggc-min-heapsize=131072]
  ignore line: [Compiler executable checksum: ee255bc3f8453f2b5d9cf42e25472a29]
  ignore line: [COLLECT_GCC_OPTIONS='-fdiagnostics-color=always' '-v' '-o' 'CMakeFiles/cmTC_82922.dir/CMakeCXXCompilerABI.cpp.o' '-c' '-B' '/nix/store/1n2l5law9g3b77hcfyp50vrhhssbrj5g-glibc-2.37-8/lib/' '-idirafter' '/nix/store/wb2dlc8kpvrn960vq7j7c8822pi43n48-glibc-2.37-8-dev/include' '-idirafter' '/nix/store/aafdki1nf49k5vxq6gx2yabiybk2bjmw-gcc-12.2.0/lib/gcc/x86_64-unknown-linux-gnu/12.2.0/include-fixed' '-B' '/nix/store/aafdki1nf49k5vxq6gx2yabiybk2bjmw-gcc-12.2.0/lib/gcc/x86_64-unknown-linux-gnu/12.2.0' '-B' '/nix/store/g012c53brxmb0if3lpmkjwmxk74hjflh-gcc-12.2.0-lib/lib' '-B' '/nix/store/nlgyw2fv0cm8rkz8qm1jyw78vyif1bl9-gcc-wrapper-12.2.0/bin/' '-isystem' '/nix/store/aafdki1nf49k5vxq6gx2yabiybk2bjmw-gcc-12.2.0/include/c++/12.2.0' '-isystem' '/nix/store/aafdki1nf49k5vxq6gx2yabiybk2bjmw-gcc-12.2.0/include/c++/12.2.0/x86_64-unknown-linux-gnu' '-shared-libgcc' '-mtune=generic' '-march=x86-64' '-dumpdir' 'CMakeFiles/cmTC_82922.dir/']
  ignore line: [ /nix/store/nlgyw2fv0cm8rkz8qm1jyw78vyif1bl9-gcc-wrapper-12.2.0/bin/as -v --64 -o CMakeFiles/cmTC_82922.dir/CMakeCXXCompilerABI.cpp.o /tmp/ccA67kFx.s]
  ignore line: [GNU assembler version 2.40 (x86_64-unknown-linux-gnu) using BFD version (GNU Binutils) 2.40]
  ignore line: [COMPILER_PATH=/nix/store/1n2l5law9g3b77hcfyp50vrhhssbrj5g-glibc-2.37-8/lib/:/nix/store/aafdki1nf49k5vxq6gx2yabiybk2bjmw-gcc-12.2.0/lib/gcc/x86_64-unknown-linux-gnu/12.2.0/:/nix/store/g012c53brxmb0if3lpmkjwmxk74hjflh-gcc-12.2.0-lib/lib/:/nix/store/nlgyw2fv0cm8rkz8qm1jyw78vyif1bl9-gcc-wrapper-12.2.0/bin/:/nix/store/aafdki1nf49k5vxq6gx2yabiybk2bjmw-gcc-12.2.0/libexec/gcc/x86_64-unknown-linux-gnu/12.2.0/:/nix/store/aafdki1nf49k5vxq6gx2yabiybk2bjmw-gcc-12.2.0/libexec/gcc/x86_64-unknown-linux-gnu/12.2.0/:/nix/store/aafdki1nf49k5vxq6gx2yabiybk2bjmw-gcc-12.2.0/libexec/gcc/x86_64-unknown-linux-gnu/:/nix/store/aafdki1nf49k5vxq6gx2yabiybk2bjmw-gcc-12.2.0/lib/gcc/x86_64-unknown-linux-gnu/12.2.0/:/nix/store/aafdki1nf49k5vxq6gx2yabiybk2bjmw-gcc-12.2.0/lib/gcc/x86_64-unknown-linux-gnu/]
  ignore line: [LIBRARY_PATH=/nix/store/1n2l5law9g3b77hcfyp50vrhhssbrj5g-glibc-2.37-8/lib/:/nix/store/aafdki1nf49k5vxq6gx2yabiybk2bjmw-gcc-12.2.0/lib/gcc/x86_64-unknown-linux-gnu/12.2.0/:/nix/store/g012c53brxmb0if3lpmkjwmxk74hjflh-gcc-12.2.0-lib/lib/:/nix/store/nlgyw2fv0cm8rkz8qm1jyw78vyif1bl9-gcc-wrapper-12.2.0/bin/:/nix/store/aafdki1nf49k5vxq6gx2yabiybk2bjmw-gcc-12.2.0/lib/gcc/x86_64-unknown-linux-gnu/12.2.0/:/nix/store/aafdki1nf49k5vxq6gx2yabiybk2bjmw-gcc-12.2.0/lib/gcc/x86_64-unknown-linux-gnu/12.2.0/../../../../lib64/:/nix/store/aafdki1nf49k5vxq6gx2yabiybk2bjmw-gcc-12.2.0/lib/gcc/x86_64-unknown-linux-gnu/12.2.0/../../../]
  ignore line: [COLLECT_GCC_OPTIONS='-fdiagnostics-color=always' '-v' '-o' 'CMakeFiles/cmTC_82922.dir/CMakeCXXCompilerABI.cpp.o' '-c' '-B' '/nix/store/1n2l5law9g3b77hcfyp50vrhhssbrj5g-glibc-2.37-8/lib/' '-idirafter' '/nix/store/wb2dlc8kpvrn960vq7j7c8822pi43n48-glibc-2.37-8-dev/include' '-idirafter' '/nix/store/aafdki1nf49k5vxq6gx2yabiybk2bjmw-gcc-12.2.0/lib/gcc/x86_64-unknown-linux-gnu/12.2.0/include-fixed' '-B' '/nix/store/aafdki1nf49k5vxq6gx2yabiybk2bjmw-gcc-12.2.0/lib/gcc/x86_64-unknown-linux-gnu/12.2.0' '-B' '/nix/store/g012c53brxmb0if3lpmkjwmxk74hjflh-gcc-12.2.0-lib/lib' '-B' '/nix/store/nlgyw2fv0cm8rkz8qm1jyw78vyif1bl9-gcc-wrapper-12.2.0/bin/' '-isystem' '/nix/store/aafdki1nf49k5vxq6gx2yabiybk2bjmw-gcc-12.2.0/include/c++/12.2.0' '-isystem' '/nix/store/aafdki1nf49k5vxq6gx2yabiybk2bjmw-gcc-12.2.0/include/c++/12.2.0/x86_64-unknown-linux-gnu' '-shared-libgcc' '-mtune=generic' '-march=x86-64' '-dumpdir' 'CMakeFiles/cmTC_82922.dir/CMakeCXXCompilerABI.cpp.']
  ignore line: [[2/2] Linking CXX executable cmTC_82922]
  ignore line: [Using built-in specs.]
  ignore line: [COLLECT_GCC=/nix/store/aafdki1nf49k5vxq6gx2yabiybk2bjmw-gcc-12.2.0/bin/g++]
  ignore line: [COLLECT_LTO_WRAPPER=/nix/store/aafdki1nf49k5vxq6gx2yabiybk2bjmw-gcc-12.2.0/libexec/gcc/x86_64-unknown-linux-gnu/12.2.0/lto-wrapper]
  ignore line: [Target: x86_64-unknown-linux-gnu]
  ignore line: [Configured with: ]
  ignore line: [Thread model: posix]
  ignore line: [Supported LTO compression algorithms: zlib]
  ignore line: [gcc version 12.2.0 (GCC) ]
  ignore line: [COMPILER_PATH=/nix/store/1n2l5law9g3b77hcfyp50vrhhssbrj5g-glibc-2.37-8/lib/:/nix/store/aafdki1nf49k5vxq6gx2yabiybk2bjmw-gcc-12.2.0/lib/gcc/x86_64-unknown-linux-gnu/12.2.0/:/nix/store/g012c53brxmb0if3lpmkjwmxk74hjflh-gcc-12.2.0-lib/lib/:/nix/store/nlgyw2fv0cm8rkz8qm1jyw78vyif1bl9-gcc-wrapper-12.2.0/bin/:/nix/store/aafdki1nf49k5vxq6gx2yabiybk2bjmw-gcc-12.2.0/libexec/gcc/x86_64-unknown-linux-gnu/12.2.0/:/nix/store/aafdki1nf49k5vxq6gx2yabiybk2bjmw-gcc-12.2.0/libexec/gcc/x86_64-unknown-linux-gnu/12.2.0/:/nix/store/aafdki1nf49k5vxq6gx2yabiybk2bjmw-gcc-12.2.0/libexec/gcc/x86_64-unknown-linux-gnu/:/nix/store/aafdki1nf49k5vxq6gx2yabiybk2bjmw-gcc-12.2.0/lib/gcc/x86_64-unknown-linux-gnu/12.2.0/:/nix/store/aafdki1nf49k5vxq6gx2yabiybk2bjmw-gcc-12.2.0/lib/gcc/x86_64-unknown-linux-gnu/]
  ignore line: [LIBRARY_PATH=/nix/store/1n2l5law9g3b77hcfyp50vrhhssbrj5g-glibc-2.37-8/lib/:/nix/store/aafdki1nf49k5vxq6gx2yabiybk2bjmw-gcc-12.2.0/lib/gcc/x86_64-unknown-linux-gnu/12.2.0/:/nix/store/g012c53brxmb0if3lpmkjwmxk74hjflh-gcc-12.2.0-lib/lib/:/nix/store/nlgyw2fv0cm8rkz8qm1jyw78vyif1bl9-gcc-wrapper-12.2.0/bin/:/nix/store/aafdki1nf49k5vxq6gx2yabiybk2bjmw-gcc-12.2.0/lib/gcc/x86_64-unknown-linux-gnu/12.2.0/:/nix/store/aafdki1nf49k5vxq6gx2yabiybk2bjmw-gcc-12.2.0/lib/gcc/x86_64-unknown-linux-gnu/12.2.0/../../../../lib64/:/nix/store/aafdki1nf49k5vxq6gx2yabiybk2bjmw-gcc-12.2.0/lib/gcc/x86_64-unknown-linux-gnu/12.2.0/../../../]
  ignore line: [COLLECT_GCC_OPTIONS='-v' '-o' 'cmTC_82922' '-B' '/nix/store/1n2l5law9g3b77hcfyp50vrhhssbrj5g-glibc-2.37-8/lib/' '-idirafter' '/nix/store/wb2dlc8kpvrn960vq7j7c8822pi43n48-glibc-2.37-8-dev/include' '-idirafter' '/nix/store/aafdki1nf49k5vxq6gx2yabiybk2bjmw-gcc-12.2.0/lib/gcc/x86_64-unknown-linux-gnu/12.2.0/include-fixed' '-B' '/nix/store/aafdki1nf49k5vxq6gx2yabiybk2bjmw-gcc-12.2.0/lib/gcc/x86_64-unknown-linux-gnu/12.2.0' '-B' '/nix/store/g012c53brxmb0if3lpmkjwmxk74hjflh-gcc-12.2.0-lib/lib' '-B' '/nix/store/nlgyw2fv0cm8rkz8qm1jyw78vyif1bl9-gcc-wrapper-12.2.0/bin/' '-isystem' '/nix/store/aafdki1nf49k5vxq6gx2yabiybk2bjmw-gcc-12.2.0/include/c++/12.2.0' '-isystem' '/nix/store/aafdki1nf49k5vxq6gx2yabiybk2bjmw-gcc-12.2.0/include/c++/12.2.0/x86_64-unknown-linux-gnu' '-L/nix/store/1n2l5law9g3b77hcfyp50vrhhssbrj5g-glibc-2.37-8/lib' '-L/nix/store/aafdki1nf49k5vxq6gx2yabiybk2bjmw-gcc-12.2.0/lib/gcc/x86_64-unknown-linux-gnu/12.2.0' '-L/nix/store/g012c53brxmb0if3lpmkjwmxk74hjflh-gcc-12.2.0-lib/x86_64-unknown-linux-gnu/lib' '-L/nix/store/g012c53brxmb0if3lpmkjwmxk74hjflh-gcc-12.2.0-lib/lib' '-shared-libgcc' '-mtune=generic' '-march=x86-64' '-dumpdir' 'cmTC_82922.']
  link line: [ /nix/store/aafdki1nf49k5vxq6gx2yabiybk2bjmw-gcc-12.2.0/libexec/gcc/x86_64-unknown-linux-gnu/12.2.0/collect2 -plugin /nix/store/aafdki1nf49k5vxq6gx2yabiybk2bjmw-gcc-12.2.0/libexec/gcc/x86_64-unknown-linux-gnu/12.2.0/liblto_plugin.so -plugin-opt=/nix/store/aafdki1nf49k5vxq6gx2yabiybk2bjmw-gcc-12.2.0/libexec/gcc/x86_64-unknown-linux-gnu/12.2.0/lto-wrapper -plugin-opt=-fresolution=/tmp/ccOWbILg.res -plugin-opt=-pass-through=-lgcc_s -plugin-opt=-pass-through=-lgcc -plugin-opt=-pass-through=-lc -plugin-opt=-pass-through=-lgcc_s -plugin-opt=-pass-through=-lgcc --eh-frame-hdr -m elf_x86_64 -dynamic-linker /nix/store/1n2l5law9g3b77hcfyp50vrhhssbrj5g-glibc-2.37-8/lib64/ld-linux-x86-64.so.2 -o cmTC_82922 /nix/store/1n2l5law9g3b77hcfyp50vrhhssbrj5g-glibc-2.37-8/lib/crt1.o /nix/store/1n2l5law9g3b77hcfyp50vrhhssbrj5g-glibc-2.37-8/lib/crti.o /nix/store/aafdki1nf49k5vxq6gx2yabiybk2bjmw-gcc-12.2.0/lib/gcc/x86_64-unknown-linux-gnu/12.2.0/crtbegin.o -L/nix/store/1n2l5law9g3b77hcfyp50vrhhssbrj5g-glibc-2.37-8/lib -L/nix/store/aafdki1nf49k5vxq6gx2yabiybk2bjmw-gcc-12.2.0/lib/gcc/x86_64-unknown-linux-gnu/12.2.0 -L/nix/store/g012c53brxmb0if3lpmkjwmxk74hjflh-gcc-12.2.0-lib/x86_64-unknown-linux-gnu/lib -L/nix/store/g012c53brxmb0if3lpmkjwmxk74hjflh-gcc-12.2.0-lib/lib -L/nix/store/1n2l5law9g3b77hcfyp50vrhhssbrj5g-glibc-2.37-8/lib -L/nix/store/aafdki1nf49k5vxq6gx2yabiybk2bjmw-gcc-12.2.0/lib/gcc/x86_64-unknown-linux-gnu/12.2.0 -L/nix/store/g012c53brxmb0if3lpmkjwmxk74hjflh-gcc-12.2.0-lib/lib -L/nix/store/nlgyw2fv0cm8rkz8qm1jyw78vyif1bl9-gcc-wrapper-12.2.0/bin -L/nix/store/aafdki1nf49k5vxq6gx2yabiybk2bjmw-gcc-12.2.0/lib/gcc/x86_64-unknown-linux-gnu/12.2.0 -L/nix/store/aafdki1nf49k5vxq6gx2yabiybk2bjmw-gcc-12.2.0/lib/gcc/x86_64-unknown-linux-gnu/12.2.0/../../../../lib64 -L/nix/store/aafdki1nf49k5vxq6gx2yabiybk2bjmw-gcc-12.2.0/lib/gcc/x86_64-unknown-linux-gnu/12.2.0/../../.. -dynamic-linker=/nix/store/1n2l5law9g3b77hcfyp50vrhhssbrj5g-glibc-2.37-8/lib/ld-linux-x86-64.so.2 CMakeFiles/cmTC_82922.dir/CMakeCXXCompilerABI.cpp.o -lstdc++ -lm -lgcc_s -lgcc -lc -lgcc_s -lgcc /nix/store/aafdki1nf49k5vxq6gx2yabiybk2bjmw-gcc-12.2.0/lib/gcc/x86_64-unknown-linux-gnu/12.2.0/crtend.o /nix/store/1n2l5law9g3b77hcfyp50vrhhssbrj5g-glibc-2.37-8/lib/crtn.o]
    arg [/nix/store/aafdki1nf49k5vxq6gx2yabiybk2bjmw-gcc-12.2.0/libexec/gcc/x86_64-unknown-linux-gnu/12.2.0/collect2] ==> ignore
    arg [-plugin] ==> ignore
    arg [/nix/store/aafdki1nf49k5vxq6gx2yabiybk2bjmw-gcc-12.2.0/libexec/gcc/x86_64-unknown-linux-gnu/12.2.0/liblto_plugin.so] ==> ignore
    arg [-plugin-opt=/nix/store/aafdki1nf49k5vxq6gx2yabiybk2bjmw-gcc-12.2.0/libexec/gcc/x86_64-unknown-linux-gnu/12.2.0/lto-wrapper] ==> ignore
    arg [-plugin-opt=-fresolution=/tmp/ccOWbILg.res] ==> ignore
    arg [-plugin-opt=-pass-through=-lgcc_s] ==> ignore
    arg [-plugin-opt=-pass-through=-lgcc] ==> ignore
    arg [-plugin-opt=-pass-through=-lc] ==> ignore
    arg [-plugin-opt=-pass-through=-lgcc_s] ==> ignore
    arg [-plugin-opt=-pass-through=-lgcc] ==> ignore
    arg [--eh-frame-hdr] ==> ignore
    arg [-m] ==> ignore
    arg [elf_x86_64] ==> ignore
    arg [-dynamic-linker] ==> ignore
    arg [/nix/store/1n2l5law9g3b77hcfyp50vrhhssbrj5g-glibc-2.37-8/lib64/ld-linux-x86-64.so.2] ==> ignore
    arg [-o] ==> ignore
    arg [cmTC_82922] ==> ignore
    arg [/nix/store/1n2l5law9g3b77hcfyp50vrhhssbrj5g-glibc-2.37-8/lib/crt1.o] ==> obj [/nix/store/1n2l5law9g3b77hcfyp50vrhhssbrj5g-glibc-2.37-8/lib/crt1.o]
    arg [/nix/store/1n2l5law9g3b77hcfyp50vrhhssbrj5g-glibc-2.37-8/lib/crti.o] ==> obj [/nix/store/1n2l5law9g3b77hcfyp50vrhhssbrj5g-glibc-2.37-8/lib/crti.o]
    arg [/nix/store/aafdki1nf49k5vxq6gx2yabiybk2bjmw-gcc-12.2.0/lib/gcc/x86_64-unknown-linux-gnu/12.2.0/crtbegin.o] ==> obj [/nix/store/aafdki1nf49k5vxq6gx2yabiybk2bjmw-gcc-12.2.0/lib/gcc/x86_64-unknown-linux-gnu/12.2.0/crtbegin.o]
    arg [-L/nix/store/1n2l5law9g3b77hcfyp50vrhhssbrj5g-glibc-2.37-8/lib] ==> dir [/nix/store/1n2l5law9g3b77hcfyp50vrhhssbrj5g-glibc-2.37-8/lib]
    arg [-L/nix/store/aafdki1nf49k5vxq6gx2yabiybk2bjmw-gcc-12.2.0/lib/gcc/x86_64-unknown-linux-gnu/12.2.0] ==> dir [/nix/store/aafdki1nf49k5vxq6gx2yabiybk2bjmw-gcc-12.2.0/lib/gcc/x86_64-unknown-linux-gnu/12.2.0]
    arg [-L/nix/store/g012c53brxmb0if3lpmkjwmxk74hjflh-gcc-12.2.0-lib/x86_64-unknown-linux-gnu/lib] ==> dir [/nix/store/g012c53brxmb0if3lpmkjwmxk74hjflh-gcc-12.2.0-lib/x86_64-unknown-linux-gnu/lib]
    arg [-L/nix/store/g012c53brxmb0if3lpmkjwmxk74hjflh-gcc-12.2.0-lib/lib] ==> dir [/nix/store/g012c53brxmb0if3lpmkjwmxk74hjflh-gcc-12.2.0-lib/lib]
    arg [-L/nix/store/1n2l5law9g3b77hcfyp50vrhhssbrj5g-glibc-2.37-8/lib] ==> dir [/nix/store/1n2l5law9g3b77hcfyp50vrhhssbrj5g-glibc-2.37-8/lib]
    arg [-L/nix/store/aafdki1nf49k5vxq6gx2yabiybk2bjmw-gcc-12.2.0/lib/gcc/x86_64-unknown-linux-gnu/12.2.0] ==> dir [/nix/store/aafdki1nf49k5vxq6gx2yabiybk2bjmw-gcc-12.2.0/lib/gcc/x86_64-unknown-linux-gnu/12.2.0]
    arg [-L/nix/store/g012c53brxmb0if3lpmkjwmxk74hjflh-gcc-12.2.0-lib/lib] ==> dir [/nix/store/g012c53brxmb0if3lpmkjwmxk74hjflh-gcc-12.2.0-lib/lib]
    arg [-L/nix/store/nlgyw2fv0cm8rkz8qm1jyw78vyif1bl9-gcc-wrapper-12.2.0/bin] ==> dir [/nix/store/nlgyw2fv0cm8rkz8qm1jyw78vyif1bl9-gcc-wrapper-12.2.0/bin]
    arg [-L/nix/store/aafdki1nf49k5vxq6gx2yabiybk2bjmw-gcc-12.2.0/lib/gcc/x86_64-unknown-linux-gnu/12.2.0] ==> dir [/nix/store/aafdki1nf49k5vxq6gx2yabiybk2bjmw-gcc-12.2.0/lib/gcc/x86_64-unknown-linux-gnu/12.2.0]
    arg [-L/nix/store/aafdki1nf49k5vxq6gx2yabiybk2bjmw-gcc-12.2.0/lib/gcc/x86_64-unknown-linux-gnu/12.2.0/../../../../lib64] ==> dir [/nix/store/aafdki1nf49k5vxq6gx2yabiybk2bjmw-gcc-12.2.0/lib/gcc/x86_64-unknown-linux-gnu/12.2.0/../../../../lib64]
    arg [-L/nix/store/aafdki1nf49k5vxq6gx2yabiybk2bjmw-gcc-12.2.0/lib/gcc/x86_64-unknown-linux-gnu/12.2.0/../../..] ==> dir [/nix/store/aafdki1nf49k5vxq6gx2yabiybk2bjmw-gcc-12.2.0/lib/gcc/x86_64-unknown-linux-gnu/12.2.0/../../..]
    arg [-dynamic-linker=/nix/store/1n2l5law9g3b77hcfyp50vrhhssbrj5g-glibc-2.37-8/lib/ld-linux-x86-64.so.2] ==> ignore
    arg [CMakeFiles/cmTC_82922.dir/CMakeCXXCompilerABI.cpp.o] ==> ignore
    arg [-lstdc++] ==> lib [stdc++]
    arg [-lm] ==> lib [m]
    arg [-lgcc_s] ==> lib [gcc_s]
    arg [-lgcc] ==> lib [gcc]
    arg [-lc] ==> lib [c]
    arg [-lgcc_s] ==> lib [gcc_s]
    arg [-lgcc] ==> lib [gcc]
    arg [/nix/store/aafdki1nf49k5vxq6gx2yabiybk2bjmw-gcc-12.2.0/lib/gcc/x86_64-unknown-linux-gnu/12.2.0/crtend.o] ==> obj [/nix/store/aafdki1nf49k5vxq6gx2yabiybk2bjmw-gcc-12.2.0/lib/gcc/x86_64-unknown-linux-gnu/12.2.0/crtend.o]
    arg [/nix/store/1n2l5law9g3b77hcfyp50vrhhssbrj5g-glibc-2.37-8/lib/crtn.o] ==> obj [/nix/store/1n2l5law9g3b77hcfyp50vrhhssbrj5g-glibc-2.37-8/lib/crtn.o]
  collapse library dir [/nix/store/1n2l5law9g3b77hcfyp50vrhhssbrj5g-glibc-2.37-8/lib] ==> [/nix/store/1n2l5law9g3b77hcfyp50vrhhssbrj5g-glibc-2.37-8/lib]
  collapse library dir [/nix/store/aafdki1nf49k5vxq6gx2yabiybk2bjmw-gcc-12.2.0/lib/gcc/x86_64-unknown-linux-gnu/12.2.0] ==> [/nix/store/aafdki1nf49k5vxq6gx2yabiybk2bjmw-gcc-12.2.0/lib/gcc/x86_64-unknown-linux-gnu/12.2.0]
  collapse library dir [/nix/store/g012c53brxmb0if3lpmkjwmxk74hjflh-gcc-12.2.0-lib/x86_64-unknown-linux-gnu/lib] ==> [/nix/store/g012c53brxmb0if3lpmkjwmxk74hjflh-gcc-12.2.0-lib/x86_64-unknown-linux-gnu/lib]
  collapse library dir [/nix/store/g012c53brxmb0if3lpmkjwmxk74hjflh-gcc-12.2.0-lib/lib] ==> [/nix/store/g012c53brxmb0if3lpmkjwmxk74hjflh-gcc-12.2.0-lib/lib]
  collapse library dir [/nix/store/1n2l5law9g3b77hcfyp50vrhhssbrj5g-glibc-2.37-8/lib] ==> [/nix/store/1n2l5law9g3b77hcfyp50vrhhssbrj5g-glibc-2.37-8/lib]
  collapse library dir [/nix/store/aafdki1nf49k5vxq6gx2yabiybk2bjmw-gcc-12.2.0/lib/gcc/x86_64-unknown-linux-gnu/12.2.0] ==> [/nix/store/aafdki1nf49k5vxq6gx2yabiybk2bjmw-gcc-12.2.0/lib/gcc/x86_64-unknown-linux-gnu/12.2.0]
  collapse library dir [/nix/store/g012c53brxmb0if3lpmkjwmxk74hjflh-gcc-12.2.0-lib/lib] ==> [/nix/store/g012c53brxmb0if3lpmkjwmxk74hjflh-gcc-12.2.0-lib/lib]
  collapse library dir [/nix/store/nlgyw2fv0cm8rkz8qm1jyw78vyif1bl9-gcc-wrapper-12.2.0/bin] ==> [/nix/store/nlgyw2fv0cm8rkz8qm1jyw78vyif1bl9-gcc-wrapper-12.2.0/bin]
  collapse library dir [/nix/store/aafdki1nf49k5vxq6gx2yabiybk2bjmw-gcc-12.2.0/lib/gcc/x86_64-unknown-linux-gnu/12.2.0] ==> [/nix/store/aafdki1nf49k5vxq6gx2yabiybk2bjmw-gcc-12.2.0/lib/gcc/x86_64-unknown-linux-gnu/12.2.0]
  collapse library dir [/nix/store/aafdki1nf49k5vxq6gx2yabiybk2bjmw-gcc-12.2.0/lib/gcc/x86_64-unknown-linux-gnu/12.2.0/../../../../lib64] ==> [/nix/store/aafdki1nf49k5vxq6gx2yabiybk2bjmw-gcc-12.2.0/lib64]
  collapse library dir [/nix/store/aafdki1nf49k5vxq6gx2yabiybk2bjmw-gcc-12.2.0/lib/gcc/x86_64-unknown-linux-gnu/12.2.0/../../..] ==> [/nix/store/aafdki1nf49k5vxq6gx2yabiybk2bjmw-gcc-12.2.0/lib]
  implicit libs: [stdc++;m;gcc_s;gcc;c;gcc_s;gcc]
  implicit objs: [/nix/store/1n2l5law9g3b77hcfyp50vrhhssbrj5g-glibc-2.37-8/lib/crt1.o;/nix/store/1n2l5law9g3b77hcfyp50vrhhssbrj5g-glibc-2.37-8/lib/crti.o;/nix/store/aafdki1nf49k5vxq6gx2yabiybk2bjmw-gcc-12.2.0/lib/gcc/x86_64-unknown-linux-gnu/12.2.0/crtbegin.o;/nix/store/aafdki1nf49k5vxq6gx2yabiybk2bjmw-gcc-12.2.0/lib/gcc/x86_64-unknown-linux-gnu/12.2.0/crtend.o;/nix/store/1n2l5law9g3b77hcfyp50vrhhssbrj5g-glibc-2.37-8/lib/crtn.o]
  implicit dirs: [/nix/store/1n2l5law9g3b77hcfyp50vrhhssbrj5g-glibc-2.37-8/lib;/nix/store/aafdki1nf49k5vxq6gx2yabiybk2bjmw-gcc-12.2.0/lib/gcc/x86_64-unknown-linux-gnu/12.2.0;/nix/store/g012c53brxmb0if3lpmkjwmxk74hjflh-gcc-12.2.0-lib/x86_64-unknown-linux-gnu/lib;/nix/store/g012c53brxmb0if3lpmkjwmxk74hjflh-gcc-12.2.0-lib/lib;/nix/store/nlgyw2fv0cm8rkz8qm1jyw78vyif1bl9-gcc-wrapper-12.2.0/bin;/nix/store/aafdki1nf49k5vxq6gx2yabiybk2bjmw-gcc-12.2.0/lib64;/nix/store/aafdki1nf49k5vxq6gx2yabiybk2bjmw-gcc-12.2.0/lib]
  implicit fwks: []


